2023-08-16 16:37:43,233 INFO  [org.jboss.as.server] (Thread-1) WFLYSRV0272: Suspending server
2023-08-16 16:37:43,238 INFO  [org.jboss.as.ejb3] (Thread-1) WFLYEJB0493: Jakarta Enterprise Beans subsystem suspension complete
2023-08-16 16:37:43,240 INFO  [org.jboss.as.server] (Thread-1) WFLYSRV0220: Server shutdown has been requested via an OS signal
2023-08-16 16:37:43,259 INFO  [org.jboss.as.connector.subsystems.datasources] (MSC service thread 1-4) WFLYJCA0010: Unbound data source [java:jboss/datasources/KeycloakDS]
2023-08-16 16:37:43,265 INFO  [org.jboss.as.mail.extension] (MSC service thread 1-6) WFLYMAIL0002: Unbound mail session [java:jboss/mail/Default]
2023-08-16 16:37:43,268 INFO  [org.wildfly.extension.undertow] (MSC service thread 1-3) WFLYUT0008: Undertow HTTPS listener https suspending
2023-08-16 16:37:43,269 INFO  [org.wildfly.extension.undertow] (MSC service thread 1-3) WFLYUT0007: Undertow HTTPS listener https stopped, was bound to 127.0.0.1:8443
2023-08-16 16:37:43,269 INFO  [org.wildfly.extension.undertow] (ServerService Thread Pool -- 70) WFLYUT0022: Unregistered web context: '/auth' from server 'default-server'
2023-08-16 16:37:43,287 INFO  [org.jboss.as.connector.subsystems.datasources] (MSC service thread 1-3) WFLYJCA0010: Unbound data source [java:jboss/datasources/ExampleDS]
2023-08-16 16:37:43,287 INFO  [org.wildfly.extension.undertow] (MSC service thread 1-2) WFLYUT0019: Host default-host stopping
2023-08-16 16:37:43,288 INFO  [org.jboss.as.connector.deployers.jdbc] (MSC service thread 1-4) WFLYJCA0019: Stopped Driver service with driver-name = h2
2023-08-16 16:37:43,295 INFO  [org.jboss.as.server.deployment] (MSC service thread 1-5) WFLYSRV0028: Stopped deployment keycloak-server.war (runtime-name: keycloak-server.war) in 52ms
2023-08-16 16:37:43,298 INFO  [org.wildfly.extension.undertow] (MSC service thread 1-7) WFLYUT0008: Undertow HTTP listener default suspending
2023-08-16 16:37:43,300 INFO  [org.wildfly.extension.undertow] (MSC service thread 1-7) WFLYUT0007: Undertow HTTP listener default stopped, was bound to 127.0.0.1:8080
2023-08-16 16:37:43,301 INFO  [org.wildfly.extension.undertow] (MSC service thread 1-7) WFLYUT0004: Undertow 2.2.5.Final stopping
2023-08-16 16:37:43,302 INFO  [org.jboss.as.clustering.infinispan] (ServerService Thread Pool -- 74) WFLYCLINF0003: Stopped offlineSessions cache from keycloak container
2023-08-16 16:37:43,302 INFO  [org.jboss.as.clustering.infinispan] (ServerService Thread Pool -- 78) WFLYCLINF0003: Stopped work cache from keycloak container
2023-08-16 16:37:43,302 INFO  [org.jboss.as.clustering.infinispan] (ServerService Thread Pool -- 80) WFLYCLINF0003: Stopped actionTokens cache from keycloak container
2023-08-16 16:37:43,302 INFO  [org.jboss.as.clustering.infinispan] (ServerService Thread Pool -- 79) WFLYCLINF0003: Stopped clientSessions cache from keycloak container
2023-08-16 16:37:43,302 INFO  [org.jboss.as.clustering.infinispan] (ServerService Thread Pool -- 73) WFLYCLINF0003: Stopped authenticationSessions cache from keycloak container
2023-08-16 16:37:43,302 INFO  [org.jboss.as.clustering.infinispan] (ServerService Thread Pool -- 71) WFLYCLINF0003: Stopped loginFailures cache from keycloak container
2023-08-16 16:37:43,302 INFO  [org.jboss.as.clustering.infinispan] (ServerService Thread Pool -- 76) WFLYCLINF0003: Stopped sessions cache from keycloak container
2023-08-16 16:37:43,302 INFO  [org.jboss.as.clustering.infinispan] (ServerService Thread Pool -- 72) WFLYCLINF0003: Stopped offlineClientSessions cache from keycloak container
2023-08-16 16:37:43,304 INFO  [org.jboss.as.clustering.infinispan] (ServerService Thread Pool -- 69) WFLYCLINF0003: Stopped keys cache from keycloak container
2023-08-16 16:37:43,304 INFO  [org.jboss.as.clustering.infinispan] (ServerService Thread Pool -- 75) WFLYCLINF0003: Stopped authorization cache from keycloak container
2023-08-16 16:37:43,308 INFO  [org.jboss.as.clustering.infinispan] (ServerService Thread Pool -- 60) WFLYCLINF0003: Stopped users cache from keycloak container
2023-08-16 16:37:43,311 INFO  [org.jboss.as.clustering.infinispan] (ServerService Thread Pool -- 77) WFLYCLINF0003: Stopped realms cache from keycloak container
2023-08-16 16:37:43,312 INFO  [org.infinispan.manager.DefaultCacheManager] (ServerService Thread Pool -- 77) Stopping cache manager null on null
2023-08-16 16:37:43,345 INFO  [org.jboss.as.clustering.infinispan] (ServerService Thread Pool -- 70) WFLYCLINF0003: Stopped http-remoting-connector cache from ejb container
2023-08-16 16:37:43,346 INFO  [org.infinispan.manager.DefaultCacheManager] (ServerService Thread Pool -- 70) Stopping cache manager null on null
2023-08-16 16:37:43,350 INFO  [org.jboss.as] (MSC service thread 1-8) WFLYSRV0050: Keycloak 13.0.1 (WildFly Core 15.0.1.Final) stopped in 107ms
2023-08-16 16:40:50,479 INFO  [org.jboss.modules] (main) JBoss Modules version 1.11.0.Final
2023-08-16 16:40:51,082 INFO  [org.jboss.msc] (main) JBoss MSC version 1.4.12.Final
2023-08-16 16:40:51,086 INFO  [org.jboss.threads] (main) JBoss Threads version 2.4.0.Final
2023-08-16 16:40:51,133 INFO  [org.jboss.as] (MSC service thread 1-2) WFLYSRV0049: Keycloak 13.0.1 (WildFly Core 15.0.1.Final) starting
2023-08-16 16:40:51,134 DEBUG [org.jboss.as.config] (MSC service thread 1-2) Configured system properties:
	[Standalone] = 
	awt.toolkit = sun.lwawt.macosx.LWCToolkit
	file.encoding = UTF-8
	file.separator = /
	ftp.nonProxyHosts = local|*.local|169.254/16|*.169.254/16
	gopherProxySet = false
	http.nonProxyHosts = local|*.local|169.254/16|*.169.254/16
	java.awt.graphicsenv = sun.awt.CGraphicsEnvironment
	java.awt.headless = true
	java.awt.printerjob = sun.lwawt.macosx.CPrinterJob
	java.class.path = /Users/bbc/workspace/kird/kird-keycloak/jboss-modules.jar
	java.class.version = 55.0
	java.home = /opt/homebrew/Cellar/openjdk@11/11.0.20/libexec/openjdk.jdk/Contents/Home
	java.io.tmpdir = /var/folders/sp/rtbk5t_j5gv8rnny62yqqljh0000gn/T/
	java.library.path = /Users/bbc/Library/Java/Extensions:/Library/Java/Extensions:/Network/Library/Java/Extensions:/System/Library/Java/Extensions:/usr/lib/java:.
	java.net.preferIPv4Stack = true
	java.runtime.name = OpenJDK Runtime Environment
	java.runtime.version = 11.0.20+0
	java.specification.maintenance.version = 2
	java.specification.name = Java Platform API Specification
	java.specification.vendor = Oracle Corporation
	java.specification.version = 11
	java.util.logging.manager = org.jboss.logmanager.LogManager
	java.vendor = Homebrew
	java.vendor.url = https://github.com/Homebrew/homebrew-core/issues
	java.vendor.url.bug = https://github.com/Homebrew/homebrew-core/issues
	java.vendor.version = Homebrew
	java.version = 11.0.20
	java.version.date = 2023-07-18
	java.vm.compressedOopsMode = Zero based
	java.vm.info = mixed mode
	java.vm.name = OpenJDK 64-Bit Server VM
	java.vm.specification.name = Java Virtual Machine Specification
	java.vm.specification.vendor = Oracle Corporation
	java.vm.specification.version = 11
	java.vm.vendor = Homebrew
	java.vm.version = 11.0.20+0
	javax.management.builder.initial = org.jboss.as.jmx.PluggableMBeanServerBuilder
	jboss.home.dir = /Users/bbc/workspace/kird/kird-keycloak
	jboss.host.name = bbcs-mac-mini
	jboss.modules.dir = /Users/bbc/workspace/kird/kird-keycloak/modules
	jboss.modules.system.pkgs = org.jboss.byteman
	jboss.node.name = bbcs-mac-mini
	jboss.qualified.host.name = bbcs-mac-mini.local
	jboss.server.base.dir = /Users/bbc/workspace/kird/kird-keycloak/standalone
	jboss.server.config.dir = /Users/bbc/workspace/kird/kird-keycloak/standalone/configuration
	jboss.server.data.dir = /Users/bbc/workspace/kird/kird-keycloak/standalone/data
	jboss.server.deploy.dir = /Users/bbc/workspace/kird/kird-keycloak/standalone/data/content
	jboss.server.log.dir = /Users/bbc/workspace/kird/kird-keycloak/standalone/log
	jboss.server.name = bbcs-mac-mini
	jboss.server.persist.config = true
	jboss.server.temp.dir = /Users/bbc/workspace/kird/kird-keycloak/standalone/tmp
	jdk.debug = release
	line.separator = 

	logging.configuration = file:/Users/bbc/workspace/kird/kird-keycloak/standalone/configuration/logging.properties
	module.path = /Users/bbc/workspace/kird/kird-keycloak/modules
	org.jboss.boot.log.file = /Users/bbc/workspace/kird/kird-keycloak/standalone/log/server.log
	org.jboss.resolver.warning = true
	os.arch = aarch64
	os.name = Mac OS X
	os.version = 13.4.1
	path.separator = :
	socksNonProxyHosts = local|*.local|169.254/16|*.169.254/16
	sun.arch.data.model = 64
	sun.boot.library.path = /opt/homebrew/Cellar/openjdk@11/11.0.20/libexec/openjdk.jdk/Contents/Home/lib
	sun.cpu.endian = little
	sun.cpu.isalist = 
	sun.io.unicode.encoding = UnicodeBig
	sun.java.command = /Users/bbc/workspace/kird/kird-keycloak/jboss-modules.jar -mp /Users/bbc/workspace/kird/kird-keycloak/modules org.jboss.as.standalone -Djboss.home.dir=/Users/bbc/workspace/kird/kird-keycloak -Djboss.server.base.dir=/Users/bbc/workspace/kird/kird-keycloak/standalone
	sun.java.launcher = SUN_STANDARD
	sun.jnu.encoding = UTF-8
	sun.management.compiler = HotSpot 64-Bit Tiered Compilers
	sun.os.patch.level = unknown
	user.country = KR
	user.dir = /Users/bbc/workspace/kird/kird-keycloak/bin
	user.home = /Users/bbc
	user.language = ko
	user.name = bbc
	user.timezone = Asia/Seoul
2023-08-16 16:40:51,135 DEBUG [org.jboss.as.config] (MSC service thread 1-2) VM Arguments: -D[Standalone] -Xms64m -Xmx512m -XX:MetaspaceSize=96M -XX:MaxMetaspaceSize=256m -Djava.net.preferIPv4Stack=true -Djboss.modules.system.pkgs=org.jboss.byteman -Djava.awt.headless=true --add-exports=java.base/sun.nio.ch=ALL-UNNAMED --add-exports=jdk.unsupported/sun.misc=ALL-UNNAMED --add-exports=jdk.unsupported/sun.reflect=ALL-UNNAMED -Dorg.jboss.boot.log.file=/Users/bbc/workspace/kird/kird-keycloak/standalone/log/server.log -Dlogging.configuration=file:/Users/bbc/workspace/kird/kird-keycloak/standalone/configuration/logging.properties 
2023-08-16 16:40:51,433 INFO  [org.wildfly.security] (ServerService Thread Pool -- 20) ELY00001: WildFly Elytron version 1.15.3.Final
2023-08-16 16:40:51,670 INFO  [org.jboss.as.controller] (Controller Boot Thread) OPVDX002: Failed to pretty print validation error: null
2023-08-16 16:40:51,671 ERROR [org.jboss.as.server] (Controller Boot Thread) WFLYSRV0055: Caught exception during boot: org.jboss.as.controller.persistence.ConfigurationPersistenceException: WFLYCTL0085: Failed to parse configuration
	at org.jboss.as.controller@15.0.1.Final//org.jboss.as.controller.persistence.XmlConfigurationPersister.load(XmlConfigurationPersister.java:143)
	at org.jboss.as.server@15.0.1.Final//org.jboss.as.server.ServerService.boot(ServerService.java:403)
	at org.jboss.as.controller@15.0.1.Final//org.jboss.as.controller.AbstractControllerService$1.run(AbstractControllerService.java:416)
	at java.base/java.lang.Thread.run(Thread.java:829)
Caused by: javax.xml.stream.XMLStreamException: org.jboss.as.connector.util.ParserException: IJ010061: Unexpected element: datasource
	at org.jboss.as.connector@23.0.2.Final//org.jboss.as.connector.subsystems.datasources.DataSourcesExtension$DataSourceSubsystemParser.readElement(DataSourcesExtension.java:651)
	at org.jboss.as.connector@23.0.2.Final//org.jboss.as.connector.subsystems.datasources.DataSourcesExtension$DataSourceSubsystemParser.readElement(DataSourcesExtension.java:205)
	at org.jboss.staxmapper@1.3.0.Final//org.jboss.staxmapper.XMLMapperImpl.processNested(XMLMapperImpl.java:122)
	at org.jboss.staxmapper@1.3.0.Final//org.jboss.staxmapper.XMLExtendedStreamReaderImpl.handleAny(XMLExtendedStreamReaderImpl.java:69)
	at org.jboss.as.server@15.0.1.Final//org.jboss.as.server.parsing.StandaloneXml_16.parseServerProfile(StandaloneXml_16.java:673)
	at org.jboss.as.server@15.0.1.Final//org.jboss.as.server.parsing.StandaloneXml_16.readServerElement(StandaloneXml_16.java:243)
	at org.jboss.as.server@15.0.1.Final//org.jboss.as.server.parsing.StandaloneXml_16.readElement(StandaloneXml_16.java:140)
	at org.jboss.as.server@15.0.1.Final//org.jboss.as.server.parsing.StandaloneXml.readElement(StandaloneXml.java:144)
	at org.jboss.as.server@15.0.1.Final//org.jboss.as.server.parsing.StandaloneXml.readElement(StandaloneXml.java:52)
	at org.jboss.staxmapper@1.3.0.Final//org.jboss.staxmapper.XMLMapperImpl.processNested(XMLMapperImpl.java:122)
	at org.jboss.staxmapper@1.3.0.Final//org.jboss.staxmapper.XMLMapperImpl.parseDocument(XMLMapperImpl.java:76)
	at org.jboss.as.controller@15.0.1.Final//org.jboss.as.controller.persistence.XmlConfigurationPersister.load(XmlConfigurationPersister.java:126)
	... 3 more
Caused by: org.jboss.as.connector.util.ParserException: IJ010061: Unexpected element: datasource
	at org.jboss.as.connector@23.0.2.Final//org.jboss.as.connector.subsystems.datasources.DsParser.parse(DsParser.java:193)
	at org.jboss.as.connector@23.0.2.Final//org.jboss.as.connector.subsystems.datasources.DataSourcesExtension$DataSourceSubsystemParser.readElement(DataSourcesExtension.java:644)
	... 14 more

2023-08-16 16:40:51,672 FATAL [org.jboss.as.server] (Controller Boot Thread) WFLYSRV0056: Server boot has failed in an unrecoverable manner; exiting. See previous messages for details.
2023-08-16 16:40:51,675 INFO  [org.jboss.as] (MSC service thread 1-3) WFLYSRV0050: Keycloak 13.0.1 (WildFly Core 15.0.1.Final) stopped in 2ms
2023-08-16 16:42:45,156 INFO  [org.jboss.modules] (main) JBoss Modules version 1.11.0.Final
2023-08-16 16:42:45,339 INFO  [org.jboss.msc] (main) JBoss MSC version 1.4.12.Final
2023-08-16 16:42:45,342 INFO  [org.jboss.threads] (main) JBoss Threads version 2.4.0.Final
2023-08-16 16:42:45,389 INFO  [org.jboss.as] (MSC service thread 1-1) WFLYSRV0049: Keycloak 13.0.1 (WildFly Core 15.0.1.Final) starting
2023-08-16 16:42:45,390 DEBUG [org.jboss.as.config] (MSC service thread 1-1) Configured system properties:
	[Standalone] = 
	awt.toolkit = sun.lwawt.macosx.LWCToolkit
	file.encoding = UTF-8
	file.separator = /
	ftp.nonProxyHosts = local|*.local|169.254/16|*.169.254/16
	gopherProxySet = false
	http.nonProxyHosts = local|*.local|169.254/16|*.169.254/16
	java.awt.graphicsenv = sun.awt.CGraphicsEnvironment
	java.awt.headless = true
	java.awt.printerjob = sun.lwawt.macosx.CPrinterJob
	java.class.path = /Users/bbc/workspace/kird/kird-keycloak/jboss-modules.jar
	java.class.version = 55.0
	java.home = /opt/homebrew/Cellar/openjdk@11/11.0.20/libexec/openjdk.jdk/Contents/Home
	java.io.tmpdir = /var/folders/sp/rtbk5t_j5gv8rnny62yqqljh0000gn/T/
	java.library.path = /Users/bbc/Library/Java/Extensions:/Library/Java/Extensions:/Network/Library/Java/Extensions:/System/Library/Java/Extensions:/usr/lib/java:.
	java.net.preferIPv4Stack = true
	java.runtime.name = OpenJDK Runtime Environment
	java.runtime.version = 11.0.20+0
	java.specification.maintenance.version = 2
	java.specification.name = Java Platform API Specification
	java.specification.vendor = Oracle Corporation
	java.specification.version = 11
	java.util.logging.manager = org.jboss.logmanager.LogManager
	java.vendor = Homebrew
	java.vendor.url = https://github.com/Homebrew/homebrew-core/issues
	java.vendor.url.bug = https://github.com/Homebrew/homebrew-core/issues
	java.vendor.version = Homebrew
	java.version = 11.0.20
	java.version.date = 2023-07-18
	java.vm.compressedOopsMode = Zero based
	java.vm.info = mixed mode
	java.vm.name = OpenJDK 64-Bit Server VM
	java.vm.specification.name = Java Virtual Machine Specification
	java.vm.specification.vendor = Oracle Corporation
	java.vm.specification.version = 11
	java.vm.vendor = Homebrew
	java.vm.version = 11.0.20+0
	javax.management.builder.initial = org.jboss.as.jmx.PluggableMBeanServerBuilder
	jboss.home.dir = /Users/bbc/workspace/kird/kird-keycloak
	jboss.host.name = bbcs-mac-mini
	jboss.modules.dir = /Users/bbc/workspace/kird/kird-keycloak/modules
	jboss.modules.system.pkgs = org.jboss.byteman
	jboss.node.name = bbcs-mac-mini
	jboss.qualified.host.name = bbcs-mac-mini.local
	jboss.server.base.dir = /Users/bbc/workspace/kird/kird-keycloak/standalone
	jboss.server.config.dir = /Users/bbc/workspace/kird/kird-keycloak/standalone/configuration
	jboss.server.data.dir = /Users/bbc/workspace/kird/kird-keycloak/standalone/data
	jboss.server.deploy.dir = /Users/bbc/workspace/kird/kird-keycloak/standalone/data/content
	jboss.server.log.dir = /Users/bbc/workspace/kird/kird-keycloak/standalone/log
	jboss.server.name = bbcs-mac-mini
	jboss.server.persist.config = true
	jboss.server.temp.dir = /Users/bbc/workspace/kird/kird-keycloak/standalone/tmp
	jdk.debug = release
	line.separator = 

	logging.configuration = file:/Users/bbc/workspace/kird/kird-keycloak/standalone/configuration/logging.properties
	module.path = /Users/bbc/workspace/kird/kird-keycloak/modules
	org.jboss.boot.log.file = /Users/bbc/workspace/kird/kird-keycloak/standalone/log/server.log
	org.jboss.resolver.warning = true
	os.arch = aarch64
	os.name = Mac OS X
	os.version = 13.4.1
	path.separator = :
	socksNonProxyHosts = local|*.local|169.254/16|*.169.254/16
	sun.arch.data.model = 64
	sun.boot.library.path = /opt/homebrew/Cellar/openjdk@11/11.0.20/libexec/openjdk.jdk/Contents/Home/lib
	sun.cpu.endian = little
	sun.cpu.isalist = 
	sun.io.unicode.encoding = UnicodeBig
	sun.java.command = /Users/bbc/workspace/kird/kird-keycloak/jboss-modules.jar -mp /Users/bbc/workspace/kird/kird-keycloak/modules org.jboss.as.standalone -Djboss.home.dir=/Users/bbc/workspace/kird/kird-keycloak -Djboss.server.base.dir=/Users/bbc/workspace/kird/kird-keycloak/standalone
	sun.java.launcher = SUN_STANDARD
	sun.jnu.encoding = UTF-8
	sun.management.compiler = HotSpot 64-Bit Tiered Compilers
	sun.os.patch.level = unknown
	user.country = KR
	user.dir = /Users/bbc/workspace/kird/kird-keycloak/bin
	user.home = /Users/bbc
	user.language = ko
	user.name = bbc
	user.timezone = Asia/Seoul
2023-08-16 16:42:45,391 DEBUG [org.jboss.as.config] (MSC service thread 1-1) VM Arguments: -D[Standalone] -Xms64m -Xmx512m -XX:MetaspaceSize=96M -XX:MaxMetaspaceSize=256m -Djava.net.preferIPv4Stack=true -Djboss.modules.system.pkgs=org.jboss.byteman -Djava.awt.headless=true --add-exports=java.base/sun.nio.ch=ALL-UNNAMED --add-exports=jdk.unsupported/sun.misc=ALL-UNNAMED --add-exports=jdk.unsupported/sun.reflect=ALL-UNNAMED -Dorg.jboss.boot.log.file=/Users/bbc/workspace/kird/kird-keycloak/standalone/log/server.log -Dlogging.configuration=file:/Users/bbc/workspace/kird/kird-keycloak/standalone/configuration/logging.properties 
2023-08-16 16:42:45,663 INFO  [org.wildfly.security] (ServerService Thread Pool -- 19) ELY00001: WildFly Elytron version 1.15.3.Final
2023-08-16 16:42:45,830 INFO  [org.jboss.as.controller] (Controller Boot Thread) OPVDX002: Failed to pretty print validation error: null
2023-08-16 16:42:45,831 ERROR [org.jboss.as.server] (Controller Boot Thread) WFLYSRV0055: Caught exception during boot: org.jboss.as.controller.persistence.ConfigurationPersistenceException: WFLYCTL0085: Failed to parse configuration
	at org.jboss.as.controller@15.0.1.Final//org.jboss.as.controller.persistence.XmlConfigurationPersister.load(XmlConfigurationPersister.java:143)
	at org.jboss.as.server@15.0.1.Final//org.jboss.as.server.ServerService.boot(ServerService.java:403)
	at org.jboss.as.controller@15.0.1.Final//org.jboss.as.controller.AbstractControllerService$1.run(AbstractControllerService.java:416)
	at java.base/java.lang.Thread.run(Thread.java:829)
Caused by: javax.xml.stream.XMLStreamException: org.jboss.as.connector.util.ParserException: IJ010061: Unexpected element: datasource
	at org.jboss.as.connector@23.0.2.Final//org.jboss.as.connector.subsystems.datasources.DataSourcesExtension$DataSourceSubsystemParser.readElement(DataSourcesExtension.java:651)
	at org.jboss.as.connector@23.0.2.Final//org.jboss.as.connector.subsystems.datasources.DataSourcesExtension$DataSourceSubsystemParser.readElement(DataSourcesExtension.java:205)
	at org.jboss.staxmapper@1.3.0.Final//org.jboss.staxmapper.XMLMapperImpl.processNested(XMLMapperImpl.java:122)
	at org.jboss.staxmapper@1.3.0.Final//org.jboss.staxmapper.XMLExtendedStreamReaderImpl.handleAny(XMLExtendedStreamReaderImpl.java:69)
	at org.jboss.as.server@15.0.1.Final//org.jboss.as.server.parsing.StandaloneXml_16.parseServerProfile(StandaloneXml_16.java:673)
	at org.jboss.as.server@15.0.1.Final//org.jboss.as.server.parsing.StandaloneXml_16.readServerElement(StandaloneXml_16.java:243)
	at org.jboss.as.server@15.0.1.Final//org.jboss.as.server.parsing.StandaloneXml_16.readElement(StandaloneXml_16.java:140)
	at org.jboss.as.server@15.0.1.Final//org.jboss.as.server.parsing.StandaloneXml.readElement(StandaloneXml.java:144)
	at org.jboss.as.server@15.0.1.Final//org.jboss.as.server.parsing.StandaloneXml.readElement(StandaloneXml.java:52)
	at org.jboss.staxmapper@1.3.0.Final//org.jboss.staxmapper.XMLMapperImpl.processNested(XMLMapperImpl.java:122)
	at org.jboss.staxmapper@1.3.0.Final//org.jboss.staxmapper.XMLMapperImpl.parseDocument(XMLMapperImpl.java:76)
	at org.jboss.as.controller@15.0.1.Final//org.jboss.as.controller.persistence.XmlConfigurationPersister.load(XmlConfigurationPersister.java:126)
	... 3 more
Caused by: org.jboss.as.connector.util.ParserException: IJ010061: Unexpected element: datasource
	at org.jboss.as.connector@23.0.2.Final//org.jboss.as.connector.subsystems.datasources.DsParser.parse(DsParser.java:193)
	at org.jboss.as.connector@23.0.2.Final//org.jboss.as.connector.subsystems.datasources.DataSourcesExtension$DataSourceSubsystemParser.readElement(DataSourcesExtension.java:644)
	... 14 more

2023-08-16 16:42:45,832 FATAL [org.jboss.as.server] (Controller Boot Thread) WFLYSRV0056: Server boot has failed in an unrecoverable manner; exiting. See previous messages for details.
2023-08-16 16:42:45,840 INFO  [org.jboss.as] (MSC service thread 1-3) WFLYSRV0050: Keycloak 13.0.1 (WildFly Core 15.0.1.Final) stopped in 6ms
2023-08-16 16:44:27,589 INFO  [org.jboss.modules] (main) JBoss Modules version 1.11.0.Final
2023-08-16 16:44:27,985 INFO  [org.jboss.msc] (main) JBoss MSC version 1.4.12.Final
2023-08-16 16:44:27,988 INFO  [org.jboss.threads] (main) JBoss Threads version 2.4.0.Final
2023-08-16 16:44:28,036 INFO  [org.jboss.as] (MSC service thread 1-2) WFLYSRV0049: Keycloak 13.0.1 (WildFly Core 15.0.1.Final) starting
2023-08-16 16:44:28,037 DEBUG [org.jboss.as.config] (MSC service thread 1-2) Configured system properties:
	[Standalone] = 
	awt.toolkit = sun.lwawt.macosx.LWCToolkit
	file.encoding = UTF-8
	file.separator = /
	ftp.nonProxyHosts = local|*.local|169.254/16|*.169.254/16
	gopherProxySet = false
	http.nonProxyHosts = local|*.local|169.254/16|*.169.254/16
	java.awt.graphicsenv = sun.awt.CGraphicsEnvironment
	java.awt.headless = true
	java.awt.printerjob = sun.lwawt.macosx.CPrinterJob
	java.class.path = /Users/bbc/workspace/kird/kird-keycloak/jboss-modules.jar
	java.class.version = 55.0
	java.home = /opt/homebrew/Cellar/openjdk@11/11.0.20/libexec/openjdk.jdk/Contents/Home
	java.io.tmpdir = /var/folders/sp/rtbk5t_j5gv8rnny62yqqljh0000gn/T/
	java.library.path = /Users/bbc/Library/Java/Extensions:/Library/Java/Extensions:/Network/Library/Java/Extensions:/System/Library/Java/Extensions:/usr/lib/java:.
	java.net.preferIPv4Stack = true
	java.runtime.name = OpenJDK Runtime Environment
	java.runtime.version = 11.0.20+0
	java.specification.maintenance.version = 2
	java.specification.name = Java Platform API Specification
	java.specification.vendor = Oracle Corporation
	java.specification.version = 11
	java.util.logging.manager = org.jboss.logmanager.LogManager
	java.vendor = Homebrew
	java.vendor.url = https://github.com/Homebrew/homebrew-core/issues
	java.vendor.url.bug = https://github.com/Homebrew/homebrew-core/issues
	java.vendor.version = Homebrew
	java.version = 11.0.20
	java.version.date = 2023-07-18
	java.vm.compressedOopsMode = Zero based
	java.vm.info = mixed mode
	java.vm.name = OpenJDK 64-Bit Server VM
	java.vm.specification.name = Java Virtual Machine Specification
	java.vm.specification.vendor = Oracle Corporation
	java.vm.specification.version = 11
	java.vm.vendor = Homebrew
	java.vm.version = 11.0.20+0
	javax.management.builder.initial = org.jboss.as.jmx.PluggableMBeanServerBuilder
	jboss.home.dir = /Users/bbc/workspace/kird/kird-keycloak
	jboss.host.name = bbcs-mac-mini
	jboss.modules.dir = /Users/bbc/workspace/kird/kird-keycloak/modules
	jboss.modules.system.pkgs = org.jboss.byteman
	jboss.node.name = bbcs-mac-mini
	jboss.qualified.host.name = bbcs-mac-mini.local
	jboss.server.base.dir = /Users/bbc/workspace/kird/kird-keycloak/standalone
	jboss.server.config.dir = /Users/bbc/workspace/kird/kird-keycloak/standalone/configuration
	jboss.server.data.dir = /Users/bbc/workspace/kird/kird-keycloak/standalone/data
	jboss.server.deploy.dir = /Users/bbc/workspace/kird/kird-keycloak/standalone/data/content
	jboss.server.log.dir = /Users/bbc/workspace/kird/kird-keycloak/standalone/log
	jboss.server.name = bbcs-mac-mini
	jboss.server.persist.config = true
	jboss.server.temp.dir = /Users/bbc/workspace/kird/kird-keycloak/standalone/tmp
	jdk.debug = release
	line.separator = 

	logging.configuration = file:/Users/bbc/workspace/kird/kird-keycloak/standalone/configuration/logging.properties
	module.path = /Users/bbc/workspace/kird/kird-keycloak/modules
	org.jboss.boot.log.file = /Users/bbc/workspace/kird/kird-keycloak/standalone/log/server.log
	org.jboss.resolver.warning = true
	os.arch = aarch64
	os.name = Mac OS X
	os.version = 13.4.1
	path.separator = :
	socksNonProxyHosts = local|*.local|169.254/16|*.169.254/16
	sun.arch.data.model = 64
	sun.boot.library.path = /opt/homebrew/Cellar/openjdk@11/11.0.20/libexec/openjdk.jdk/Contents/Home/lib
	sun.cpu.endian = little
	sun.cpu.isalist = 
	sun.io.unicode.encoding = UnicodeBig
	sun.java.command = /Users/bbc/workspace/kird/kird-keycloak/jboss-modules.jar -mp /Users/bbc/workspace/kird/kird-keycloak/modules org.jboss.as.standalone -Djboss.home.dir=/Users/bbc/workspace/kird/kird-keycloak -Djboss.server.base.dir=/Users/bbc/workspace/kird/kird-keycloak/standalone
	sun.java.launcher = SUN_STANDARD
	sun.jnu.encoding = UTF-8
	sun.management.compiler = HotSpot 64-Bit Tiered Compilers
	sun.os.patch.level = unknown
	user.country = KR
	user.dir = /Users/bbc/workspace/kird/kird-keycloak/bin
	user.home = /Users/bbc
	user.language = ko
	user.name = bbc
	user.timezone = Asia/Seoul
2023-08-16 16:44:28,038 DEBUG [org.jboss.as.config] (MSC service thread 1-2) VM Arguments: -D[Standalone] -Xms64m -Xmx512m -XX:MetaspaceSize=96M -XX:MaxMetaspaceSize=256m -Djava.net.preferIPv4Stack=true -Djboss.modules.system.pkgs=org.jboss.byteman -Djava.awt.headless=true --add-exports=java.base/sun.nio.ch=ALL-UNNAMED --add-exports=jdk.unsupported/sun.misc=ALL-UNNAMED --add-exports=jdk.unsupported/sun.reflect=ALL-UNNAMED -Dorg.jboss.boot.log.file=/Users/bbc/workspace/kird/kird-keycloak/standalone/log/server.log -Dlogging.configuration=file:/Users/bbc/workspace/kird/kird-keycloak/standalone/configuration/logging.properties 
2023-08-16 16:44:28,310 INFO  [org.wildfly.security] (ServerService Thread Pool -- 19) ELY00001: WildFly Elytron version 1.15.3.Final
2023-08-16 16:44:28,428 INFO  [org.jboss.as.controller.management-deprecated] (ServerService Thread Pool -- 3) WFLYCTL0033: Extension 'security' is deprecated and may not be supported in future versions
2023-08-16 16:44:28,510 INFO  [org.jboss.as.controller.management-deprecated] (Controller Boot Thread) WFLYCTL0028: Attribute 'security-realm' in the resource at address '/core-service=management/management-interface=http-interface' is deprecated, and may be removed in a future version. See the attribute description in the output of the read-resource-description operation to learn more about the deprecation.
2023-08-16 16:44:28,520 INFO  [org.jboss.as.controller.management-deprecated] (ServerService Thread Pool -- 11) WFLYCTL0028: Attribute 'security-realm' in the resource at address '/subsystem=undertow/server=default-server/https-listener=https' is deprecated, and may be removed in a future version. See the attribute description in the output of the read-resource-description operation to learn more about the deprecation.
2023-08-16 16:44:28,558 INFO  [org.jboss.as.server] (Controller Boot Thread) WFLYSRV0039: Creating http management service using socket-binding (management-http)
2023-08-16 16:44:28,568 INFO  [org.xnio] (MSC service thread 1-3) XNIO version 3.8.4.Final
2023-08-16 16:44:28,570 INFO  [org.xnio.nio] (MSC service thread 1-3) XNIO NIO Implementation Version 3.8.4.Final
2023-08-16 16:44:28,585 INFO  [org.wildfly.extension.health] (ServerService Thread Pool -- 36) WFLYHEALTH0001: Activating Base Health Subsystem
2023-08-16 16:44:28,587 WARN  [org.jboss.as.txn] (ServerService Thread Pool -- 51) WFLYTX0013: The node-identifier attribute on the /subsystem=transactions is set to the default value. This is a danger for environments running multiple servers. Please make sure the attribute value is unique.
2023-08-16 16:44:28,589 INFO  [org.jboss.as.jaxrs] (ServerService Thread Pool -- 39) WFLYRS0016: RESTEasy version 3.15.1.Final
2023-08-16 16:44:28,590 INFO  [org.jboss.as.naming] (ServerService Thread Pool -- 46) WFLYNAM0001: Activating Naming Subsystem
2023-08-16 16:44:28,590 INFO  [org.wildfly.extension.io] (ServerService Thread Pool -- 38) WFLYIO001: Worker 'default' has auto-configured to 16 IO threads with 128 max task threads based on your 8 available processors
2023-08-16 16:44:28,591 INFO  [org.jboss.remoting] (MSC service thread 1-2) JBoss Remoting version 5.0.20.Final
2023-08-16 16:44:28,592 INFO  [org.jboss.as.security] (ServerService Thread Pool -- 49) WFLYSEC0002: Activating Security Subsystem
2023-08-16 16:44:28,594 INFO  [org.wildfly.extension.metrics] (ServerService Thread Pool -- 45) WFLYMETRICS0001: Activating Base Metrics Subsystem
2023-08-16 16:44:28,597 INFO  [org.wildfly.extension.undertow] (MSC service thread 1-8) WFLYUT0003: Undertow 2.2.5.Final starting
2023-08-16 16:44:28,600 INFO  [org.jboss.as.security] (MSC service thread 1-8) WFLYSEC0001: Current PicketBox version=5.0.3.Final-redhat-00007
2023-08-16 16:44:28,601 INFO  [org.jboss.as.clustering.infinispan] (ServerService Thread Pool -- 37) WFLYCLINF0001: Activating Infinispan subsystem.
2023-08-16 16:44:28,604 INFO  [org.jboss.as.connector] (MSC service thread 1-4) WFLYJCA0009: Starting Jakarta Connectors Subsystem (WildFly/IronJacamar 1.4.27.Final)
2023-08-16 16:44:28,614 WARN  [org.wildfly.clustering.web.undertow] (ServerService Thread Pool -- 52) WFLYCLWEBUT0007: No routing provider found for default-server; using legacy provider based on static configuration
2023-08-16 16:44:28,625 INFO  [org.jboss.as.naming] (MSC service thread 1-4) WFLYNAM0003: Starting Naming Service
2023-08-16 16:44:28,642 INFO  [org.jboss.as.mail.extension] (MSC service thread 1-5) WFLYMAIL0001: Bound mail session [java:jboss/mail/Default]
2023-08-16 16:44:28,650 INFO  [org.jboss.as.connector.subsystems.datasources] (ServerService Thread Pool -- 31) WFLYJCA0004: Deploying JDBC-compliant driver class org.h2.Driver (version 1.4)
2023-08-16 16:44:28,654 ERROR [org.jboss.as.controller.management-operation] (ServerService Thread Pool -- 31) WFLYCTL0013: Operation ("add") failed - address: ([
    ("subsystem" => "datasources"),
    ("jdbc-driver" => "postgresql")
]) - failure description: "WFLYJCA0115: Module for driver [org.postgresql.jdbc] or one of it dependencies is missing: [org.postgresql.jdbc]"
2023-08-16 16:44:28,676 WARN  [org.wildfly.extension.elytron] (MSC service thread 1-7) WFLYELY00023: KeyStore file '/Users/bbc/workspace/kird/kird-keycloak/standalone/configuration/application.keystore' does not exist. Used blank.
2023-08-16 16:44:28,679 INFO  [org.jboss.as.connector.deployers.jdbc] (MSC service thread 1-1) WFLYJCA0018: Started Driver service with driver-name = h2
2023-08-16 16:44:28,689 WARN  [org.wildfly.extension.elytron] (MSC service thread 1-5) WFLYELY01084: KeyStore /Users/bbc/workspace/kird/kird-keycloak/standalone/configuration/application.keystore not found, it will be auto generated on first use with a self-signed certificate for host localhost
2023-08-16 16:44:28,699 INFO  [org.wildfly.extension.undertow] (ServerService Thread Pool -- 52) WFLYUT0014: Creating file handler for path '/Users/bbc/workspace/kird/kird-keycloak/welcome-content' with options [directory-listing: 'false', follow-symlink: 'false', case-sensitive: 'true', safe-symlink-paths: '[]']
2023-08-16 16:44:28,703 INFO  [org.jboss.as.ejb3] (MSC service thread 1-7) WFLYEJB0482: Strict pool mdb-strict-max-pool is using a max instance size of 32 (per class), which is derived from the number of CPUs on this host.
2023-08-16 16:44:28,704 INFO  [org.jboss.as.ejb3] (MSC service thread 1-5) WFLYEJB0481: Strict pool slsb-strict-max-pool is using a max instance size of 128 (per class), which is derived from thread worker pool sizing.
2023-08-16 16:44:28,724 INFO  [org.wildfly.extension.undertow] (MSC service thread 1-7) WFLYUT0012: Started server default-server.
2023-08-16 16:44:28,725 INFO  [org.wildfly.extension.undertow] (MSC service thread 1-2) Queuing requests.
2023-08-16 16:44:28,726 INFO  [org.wildfly.extension.undertow] (MSC service thread 1-2) WFLYUT0018: Host default-host starting
2023-08-16 16:44:28,765 INFO  [org.wildfly.extension.undertow] (MSC service thread 1-4) WFLYUT0006: Undertow HTTP listener default listening on 127.0.0.1:8080
2023-08-16 16:44:28,802 INFO  [org.jboss.as.ejb3] (MSC service thread 1-8) WFLYEJB0493: Jakarta Enterprise Beans subsystem suspension complete
2023-08-16 16:44:28,893 INFO  [org.jboss.as.patching] (MSC service thread 1-3) WFLYPAT0050: Keycloak cumulative patch ID is: base, one-off patches include: none
2023-08-16 16:44:28,900 WARN  [org.jboss.as.domain.management.security] (MSC service thread 1-1) WFLYDM0111: Keystore /Users/bbc/workspace/kird/kird-keycloak/standalone/configuration/application.keystore not found, it will be auto generated on first use with a self signed certificate for host localhost
2023-08-16 16:44:28,902 INFO  [org.jboss.as.server.deployment.scanner] (MSC service thread 1-3) WFLYDS0013: Started FileSystemDeploymentService for directory /Users/bbc/workspace/kird/kird-keycloak/standalone/deployments
2023-08-16 16:44:28,914 INFO  [org.jboss.as.server.deployment] (MSC service thread 1-4) WFLYSRV0027: Starting deployment of "keycloak-server.war" (runtime-name: "keycloak-server.war")
2023-08-16 16:44:28,919 INFO  [org.wildfly.extension.undertow] (MSC service thread 1-7) WFLYUT0006: Undertow HTTPS listener https listening on 127.0.0.1:8443
2023-08-16 16:44:29,269 INFO  [org.infinispan.CONTAINER] (ServerService Thread Pool -- 54) ISPN000128: Infinispan version: Infinispan 'Corona Extra' 11.0.9.Final
2023-08-16 16:44:29,291 INFO  [org.infinispan.CONFIG] (MSC service thread 1-5) ISPN000152: Passivation configured without an eviction policy being selected. Only manually evicted entities will be passivated.
2023-08-16 16:44:29,293 INFO  [org.infinispan.CONFIG] (MSC service thread 1-5) ISPN000152: Passivation configured without an eviction policy being selected. Only manually evicted entities will be passivated.
2023-08-16 16:44:29,321 INFO  [org.infinispan.PERSISTENCE] (ServerService Thread Pool -- 54) ISPN000556: Starting user marshaller 'org.wildfly.clustering.infinispan.spi.marshalling.InfinispanProtoStreamMarshaller'
2023-08-16 16:44:29,321 INFO  [org.infinispan.PERSISTENCE] (ServerService Thread Pool -- 55) ISPN000556: Starting user marshaller 'org.wildfly.clustering.infinispan.marshalling.jboss.JBossMarshaller'
2023-08-16 16:44:29,415 INFO  [org.jboss.as.clustering.infinispan] (ServerService Thread Pool -- 54) WFLYCLINF0002: Started http-remoting-connector cache from ejb container
2023-08-16 16:44:29,424 INFO  [org.jboss.as.clustering.infinispan] (ServerService Thread Pool -- 65) WFLYCLINF0002: Started authenticationSessions cache from keycloak container
2023-08-16 16:44:29,424 INFO  [org.jboss.as.clustering.infinispan] (ServerService Thread Pool -- 58) WFLYCLINF0002: Started loginFailures cache from keycloak container
2023-08-16 16:44:29,425 INFO  [org.jboss.as.clustering.infinispan] (ServerService Thread Pool -- 64) WFLYCLINF0002: Started offlineSessions cache from keycloak container
2023-08-16 16:44:29,426 INFO  [org.jboss.as.clustering.infinispan] (ServerService Thread Pool -- 57) WFLYCLINF0002: Started sessions cache from keycloak container
2023-08-16 16:44:29,426 INFO  [org.jboss.as.clustering.infinispan] (ServerService Thread Pool -- 59) WFLYCLINF0002: Started work cache from keycloak container
2023-08-16 16:44:29,426 INFO  [org.jboss.as.clustering.infinispan] (ServerService Thread Pool -- 61) WFLYCLINF0002: Started actionTokens cache from keycloak container
2023-08-16 16:44:29,427 INFO  [org.jboss.as.clustering.infinispan] (ServerService Thread Pool -- 60) WFLYCLINF0002: Started offlineClientSessions cache from keycloak container
2023-08-16 16:44:29,427 INFO  [org.jboss.as.clustering.infinispan] (ServerService Thread Pool -- 56) WFLYCLINF0002: Started clientSessions cache from keycloak container
2023-08-16 16:44:29,444 INFO  [org.jboss.as.clustering.infinispan] (ServerService Thread Pool -- 66) WFLYCLINF0002: Started realms cache from keycloak container
2023-08-16 16:44:29,445 INFO  [org.jboss.as.clustering.infinispan] (ServerService Thread Pool -- 55) WFLYCLINF0002: Started users cache from keycloak container
2023-08-16 16:44:29,445 INFO  [org.jboss.as.clustering.infinispan] (ServerService Thread Pool -- 63) WFLYCLINF0002: Started keys cache from keycloak container
2023-08-16 16:44:29,445 INFO  [org.jboss.as.clustering.infinispan] (ServerService Thread Pool -- 62) WFLYCLINF0002: Started authorization cache from keycloak container
2023-08-16 16:44:29,500 WARN  [org.jboss.as.server.deployment] (MSC service thread 1-3) WFLYSRV0273: Excluded subsystem webservices via jboss-deployment-structure.xml does not exist.
2023-08-16 16:44:29,564 ERROR [org.jboss.as.controller.management-operation] (Controller Boot Thread) WFLYCTL0013: Operation ("add") failed - address: ([("deployment" => "keycloak-server.war")]) - failure description: {
    "WFLYCTL0412: Required services that are not installed:" => ["jboss.naming.context.java.jboss.datasources.ExampleDS"],
    "WFLYCTL0180: Services with missing/unavailable dependencies" => ["jboss.naming.context.java.module.auth.auth.DefaultDataSource is missing [jboss.naming.context.java.jboss.datasources.ExampleDS]"]
}
2023-08-16 16:44:29,565 ERROR [org.jboss.as.controller.management-operation] (Controller Boot Thread) WFLYCTL0013: Operation ("add") failed - address: ([
    ("subsystem" => "datasources"),
    ("data-source" => "KeycloakDS")
]) - failure description: {
    "WFLYCTL0412: Required services that are not installed:" => ["jboss.jdbc-driver.postgresql"],
    "WFLYCTL0180: Services with missing/unavailable dependencies" => [
        "jboss.driver-demander.java:jboss/datasources/KeycloakDS is missing [jboss.jdbc-driver.postgresql]",
        "org.wildfly.data-source.KeycloakDS is missing [jboss.jdbc-driver.postgresql]"
    ]
}
2023-08-16 16:44:29,565 ERROR [org.jboss.as.controller.management-operation] (Controller Boot Thread) WFLYCTL0013: Operation ("add") failed - address: ([
    ("subsystem" => "datasources"),
    ("data-source" => "KirdDS")
]) - failure description: {
    "WFLYCTL0412: Required services that are not installed:" => ["jboss.jdbc-driver.postgresql"],
    "WFLYCTL0180: Services with missing/unavailable dependencies" => [
        "jboss.driver-demander.java:jboss/datasources/KirdDS is missing [jboss.jdbc-driver.postgresql]",
        "org.wildfly.data-source.KirdDS is missing [jboss.jdbc-driver.postgresql]"
    ]
}
2023-08-16 16:44:29,565 ERROR [org.jboss.as.controller.management-operation] (Controller Boot Thread) WFLYCTL0013: Operation ("add") failed - address: ([
    ("subsystem" => "datasources"),
    ("data-source" => "KeycloakDS")
]) - failure description: {
    "WFLYCTL0412: Required services that are not installed:" => [
        "jboss.jdbc-driver.postgresql",
        "jboss.jdbc-driver.postgresql"
    ],
    "WFLYCTL0180: Services with missing/unavailable dependencies" => [
        "jboss.driver-demander.java:jboss/datasources/KeycloakDS is missing [jboss.jdbc-driver.postgresql]",
        "org.wildfly.data-source.KeycloakDS is missing [jboss.jdbc-driver.postgresql]",
        "org.wildfly.data-source.KeycloakDS is missing [jboss.jdbc-driver.postgresql]"
    ]
}
2023-08-16 16:44:29,565 ERROR [org.jboss.as.controller.management-operation] (Controller Boot Thread) WFLYCTL0013: Operation ("add") failed - address: ([
    ("subsystem" => "datasources"),
    ("data-source" => "KirdDS")
]) - failure description: {
    "WFLYCTL0412: Required services that are not installed:" => [
        "jboss.jdbc-driver.postgresql",
        "jboss.jdbc-driver.postgresql"
    ],
    "WFLYCTL0180: Services with missing/unavailable dependencies" => [
        "jboss.driver-demander.java:jboss/datasources/KirdDS is missing [jboss.jdbc-driver.postgresql]",
        "org.wildfly.data-source.KirdDS is missing [jboss.jdbc-driver.postgresql]",
        "org.wildfly.data-source.KirdDS is missing [jboss.jdbc-driver.postgresql]"
    ]
}
2023-08-16 16:44:29,571 INFO  [org.jboss.as.server] (ServerService Thread Pool -- 43) WFLYSRV0010: Deployed "keycloak-server.war" (runtime-name : "keycloak-server.war")
2023-08-16 16:44:29,572 INFO  [org.jboss.as.controller] (Controller Boot Thread) WFLYCTL0183: Service status report
WFLYCTL0184:    New missing/unsatisfied dependencies:
      service jboss.jdbc-driver.postgresql (missing) dependents: [service jboss.driver-demander.java:jboss/datasources/KirdDS, service jboss.driver-demander.java:jboss/datasources/KeycloakDS, service org.wildfly.data-source.KeycloakDS, service org.wildfly.data-source.KirdDS] 
      service jboss.naming.context.java.jboss.datasources.ExampleDS (missing) dependents: [service jboss.naming.context.java.module.auth.auth.DefaultDataSource] 
WFLYCTL0448: 13 additional services are down due to their dependencies being missing or failed
2023-08-16 16:44:29,590 INFO  [org.jboss.as.server] (Controller Boot Thread) WFLYSRV0212: Resuming server
2023-08-16 16:44:29,591 ERROR [org.jboss.as] (Controller Boot Thread) WFLYSRV0026: Keycloak 13.0.1 (WildFly Core 15.0.1.Final) started (with errors) in 2145ms - Started 571 of 870 services (18 services failed or missing dependencies, 584 services are lazy, passive or on-demand)
2023-08-16 16:44:29,593 INFO  [org.jboss.as] (Controller Boot Thread) WFLYSRV0060: Http management interface listening on http://127.0.0.1:9990/management
2023-08-16 16:44:29,593 INFO  [org.jboss.as] (Controller Boot Thread) WFLYSRV0051: Admin console listening on http://127.0.0.1:9990
2023-08-16 16:45:15,191 INFO  [org.jboss.as.server] (Thread-1) WFLYSRV0272: Suspending server
2023-08-16 16:45:15,193 INFO  [org.jboss.as.ejb3] (Thread-1) WFLYEJB0493: Jakarta Enterprise Beans subsystem suspension complete
2023-08-16 16:45:15,198 INFO  [org.jboss.as.server] (Thread-1) WFLYSRV0220: Server shutdown has been requested via an OS signal
2023-08-16 16:45:15,216 INFO  [org.jboss.as.connector.deployers.jdbc] (MSC service thread 1-3) WFLYJCA0019: Stopped Driver service with driver-name = h2
2023-08-16 16:45:15,225 INFO  [org.jboss.as.mail.extension] (MSC service thread 1-2) WFLYMAIL0002: Unbound mail session [java:jboss/mail/Default]
2023-08-16 16:45:15,229 INFO  [org.wildfly.extension.undertow] (MSC service thread 1-1) WFLYUT0019: Host default-host stopping
2023-08-16 16:45:15,231 INFO  [org.wildfly.extension.undertow] (MSC service thread 1-6) WFLYUT0008: Undertow HTTPS listener https suspending
2023-08-16 16:45:15,232 INFO  [org.wildfly.extension.undertow] (MSC service thread 1-6) WFLYUT0007: Undertow HTTPS listener https stopped, was bound to 127.0.0.1:8443
2023-08-16 16:45:15,237 INFO  [org.wildfly.extension.undertow] (MSC service thread 1-8) WFLYUT0008: Undertow HTTP listener default suspending
2023-08-16 16:45:15,238 INFO  [org.wildfly.extension.undertow] (MSC service thread 1-8) WFLYUT0007: Undertow HTTP listener default stopped, was bound to 127.0.0.1:8080
2023-08-16 16:45:15,239 INFO  [org.wildfly.extension.undertow] (MSC service thread 1-7) WFLYUT0004: Undertow 2.2.5.Final stopping
2023-08-16 16:45:15,246 INFO  [org.jboss.as.clustering.infinispan] (ServerService Thread Pool -- 73) WFLYCLINF0003: Stopped offlineSessions cache from keycloak container
2023-08-16 16:45:15,246 INFO  [org.jboss.as.clustering.infinispan] (ServerService Thread Pool -- 69) WFLYCLINF0003: Stopped clientSessions cache from keycloak container
2023-08-16 16:45:15,246 INFO  [org.jboss.as.clustering.infinispan] (ServerService Thread Pool -- 74) WFLYCLINF0003: Stopped authenticationSessions cache from keycloak container
2023-08-16 16:45:15,246 INFO  [org.jboss.as.clustering.infinispan] (ServerService Thread Pool -- 75) WFLYCLINF0003: Stopped actionTokens cache from keycloak container
2023-08-16 16:45:15,246 INFO  [org.jboss.as.clustering.infinispan] (ServerService Thread Pool -- 71) WFLYCLINF0003: Stopped users cache from keycloak container
2023-08-16 16:45:15,247 INFO  [org.jboss.as.clustering.infinispan] (ServerService Thread Pool -- 70) WFLYCLINF0003: Stopped authorization cache from keycloak container
2023-08-16 16:45:15,248 INFO  [org.jboss.as.clustering.infinispan] (ServerService Thread Pool -- 72) WFLYCLINF0003: Stopped offlineClientSessions cache from keycloak container
2023-08-16 16:45:15,248 INFO  [org.jboss.as.clustering.infinispan] (ServerService Thread Pool -- 80) WFLYCLINF0003: Stopped work cache from keycloak container
2023-08-16 16:45:15,248 INFO  [org.jboss.as.clustering.infinispan] (ServerService Thread Pool -- 79) WFLYCLINF0003: Stopped keys cache from keycloak container
2023-08-16 16:45:15,249 INFO  [org.jboss.as.clustering.infinispan] (ServerService Thread Pool -- 78) WFLYCLINF0003: Stopped loginFailures cache from keycloak container
2023-08-16 16:45:15,251 INFO  [org.jboss.as.clustering.infinispan] (ServerService Thread Pool -- 76) WFLYCLINF0003: Stopped realms cache from keycloak container
2023-08-16 16:45:15,251 INFO  [org.jboss.as.clustering.infinispan] (ServerService Thread Pool -- 77) WFLYCLINF0003: Stopped sessions cache from keycloak container
2023-08-16 16:45:15,252 INFO  [org.infinispan.manager.DefaultCacheManager] (ServerService Thread Pool -- 77) Stopping cache manager null on null
2023-08-16 16:45:15,254 INFO  [org.jboss.as.server.deployment] (MSC service thread 1-1) WFLYSRV0028: Stopped deployment keycloak-server.war (runtime-name: keycloak-server.war) in 52ms
2023-08-16 16:45:15,267 INFO  [org.jboss.as.clustering.infinispan] (ServerService Thread Pool -- 62) WFLYCLINF0003: Stopped http-remoting-connector cache from ejb container
2023-08-16 16:45:15,268 INFO  [org.infinispan.manager.DefaultCacheManager] (ServerService Thread Pool -- 62) Stopping cache manager null on null
2023-08-16 16:45:15,271 INFO  [org.jboss.as] (MSC service thread 1-5) WFLYSRV0050: Keycloak 13.0.1 (WildFly Core 15.0.1.Final) stopped in 68ms
2023-08-16 16:46:07,581 INFO  [org.jboss.modules] (main) JBoss Modules version 1.11.0.Final
2023-08-16 16:46:07,776 INFO  [org.jboss.msc] (main) JBoss MSC version 1.4.12.Final
2023-08-16 16:46:07,779 INFO  [org.jboss.threads] (main) JBoss Threads version 2.4.0.Final
2023-08-16 16:46:07,819 INFO  [org.jboss.as] (MSC service thread 1-2) WFLYSRV0049: Keycloak 13.0.1 (WildFly Core 15.0.1.Final) starting
2023-08-16 16:46:07,820 DEBUG [org.jboss.as.config] (MSC service thread 1-2) Configured system properties:
	[Standalone] = 
	awt.toolkit = sun.lwawt.macosx.LWCToolkit
	file.encoding = UTF-8
	file.separator = /
	ftp.nonProxyHosts = local|*.local|169.254/16|*.169.254/16
	gopherProxySet = false
	http.nonProxyHosts = local|*.local|169.254/16|*.169.254/16
	java.awt.graphicsenv = sun.awt.CGraphicsEnvironment
	java.awt.headless = true
	java.awt.printerjob = sun.lwawt.macosx.CPrinterJob
	java.class.path = /Users/bbc/workspace/kird/kird-keycloak/jboss-modules.jar
	java.class.version = 55.0
	java.home = /opt/homebrew/Cellar/openjdk@11/11.0.20/libexec/openjdk.jdk/Contents/Home
	java.io.tmpdir = /var/folders/sp/rtbk5t_j5gv8rnny62yqqljh0000gn/T/
	java.library.path = /Users/bbc/Library/Java/Extensions:/Library/Java/Extensions:/Network/Library/Java/Extensions:/System/Library/Java/Extensions:/usr/lib/java:.
	java.net.preferIPv4Stack = true
	java.runtime.name = OpenJDK Runtime Environment
	java.runtime.version = 11.0.20+0
	java.specification.maintenance.version = 2
	java.specification.name = Java Platform API Specification
	java.specification.vendor = Oracle Corporation
	java.specification.version = 11
	java.util.logging.manager = org.jboss.logmanager.LogManager
	java.vendor = Homebrew
	java.vendor.url = https://github.com/Homebrew/homebrew-core/issues
	java.vendor.url.bug = https://github.com/Homebrew/homebrew-core/issues
	java.vendor.version = Homebrew
	java.version = 11.0.20
	java.version.date = 2023-07-18
	java.vm.compressedOopsMode = Zero based
	java.vm.info = mixed mode
	java.vm.name = OpenJDK 64-Bit Server VM
	java.vm.specification.name = Java Virtual Machine Specification
	java.vm.specification.vendor = Oracle Corporation
	java.vm.specification.version = 11
	java.vm.vendor = Homebrew
	java.vm.version = 11.0.20+0
	javax.management.builder.initial = org.jboss.as.jmx.PluggableMBeanServerBuilder
	jboss.home.dir = /Users/bbc/workspace/kird/kird-keycloak
	jboss.host.name = bbcs-mac-mini
	jboss.modules.dir = /Users/bbc/workspace/kird/kird-keycloak/modules
	jboss.modules.system.pkgs = org.jboss.byteman
	jboss.node.name = bbcs-mac-mini
	jboss.qualified.host.name = bbcs-mac-mini.local
	jboss.server.base.dir = /Users/bbc/workspace/kird/kird-keycloak/standalone
	jboss.server.config.dir = /Users/bbc/workspace/kird/kird-keycloak/standalone/configuration
	jboss.server.data.dir = /Users/bbc/workspace/kird/kird-keycloak/standalone/data
	jboss.server.deploy.dir = /Users/bbc/workspace/kird/kird-keycloak/standalone/data/content
	jboss.server.log.dir = /Users/bbc/workspace/kird/kird-keycloak/standalone/log
	jboss.server.name = bbcs-mac-mini
	jboss.server.persist.config = true
	jboss.server.temp.dir = /Users/bbc/workspace/kird/kird-keycloak/standalone/tmp
	jdk.debug = release
	line.separator = 

	logging.configuration = file:/Users/bbc/workspace/kird/kird-keycloak/standalone/configuration/logging.properties
	module.path = /Users/bbc/workspace/kird/kird-keycloak/modules
	org.jboss.boot.log.file = /Users/bbc/workspace/kird/kird-keycloak/standalone/log/server.log
	org.jboss.resolver.warning = true
	os.arch = aarch64
	os.name = Mac OS X
	os.version = 13.4.1
	path.separator = :
	socksNonProxyHosts = local|*.local|169.254/16|*.169.254/16
	sun.arch.data.model = 64
	sun.boot.library.path = /opt/homebrew/Cellar/openjdk@11/11.0.20/libexec/openjdk.jdk/Contents/Home/lib
	sun.cpu.endian = little
	sun.cpu.isalist = 
	sun.io.unicode.encoding = UnicodeBig
	sun.java.command = /Users/bbc/workspace/kird/kird-keycloak/jboss-modules.jar -mp /Users/bbc/workspace/kird/kird-keycloak/modules org.jboss.as.standalone -Djboss.home.dir=/Users/bbc/workspace/kird/kird-keycloak -Djboss.server.base.dir=/Users/bbc/workspace/kird/kird-keycloak/standalone
	sun.java.launcher = SUN_STANDARD
	sun.jnu.encoding = UTF-8
	sun.management.compiler = HotSpot 64-Bit Tiered Compilers
	sun.os.patch.level = unknown
	user.country = KR
	user.dir = /Users/bbc/workspace/kird/kird-keycloak/bin
	user.home = /Users/bbc
	user.language = ko
	user.name = bbc
	user.timezone = Asia/Seoul
2023-08-16 16:46:07,821 DEBUG [org.jboss.as.config] (MSC service thread 1-2) VM Arguments: -D[Standalone] -Xms64m -Xmx512m -XX:MetaspaceSize=96M -XX:MaxMetaspaceSize=256m -Djava.net.preferIPv4Stack=true -Djboss.modules.system.pkgs=org.jboss.byteman -Djava.awt.headless=true --add-exports=java.base/sun.nio.ch=ALL-UNNAMED --add-exports=jdk.unsupported/sun.misc=ALL-UNNAMED --add-exports=jdk.unsupported/sun.reflect=ALL-UNNAMED -Dorg.jboss.boot.log.file=/Users/bbc/workspace/kird/kird-keycloak/standalone/log/server.log -Dlogging.configuration=file:/Users/bbc/workspace/kird/kird-keycloak/standalone/configuration/logging.properties 
2023-08-16 16:46:08,106 INFO  [org.wildfly.security] (ServerService Thread Pool -- 20) ELY00001: WildFly Elytron version 1.15.3.Final
2023-08-16 16:46:08,250 INFO  [org.jboss.as.controller.management-deprecated] (ServerService Thread Pool -- 25) WFLYCTL0033: Extension 'security' is deprecated and may not be supported in future versions
2023-08-16 16:46:08,330 INFO  [org.jboss.as.controller.management-deprecated] (Controller Boot Thread) WFLYCTL0028: Attribute 'security-realm' in the resource at address '/core-service=management/management-interface=http-interface' is deprecated, and may be removed in a future version. See the attribute description in the output of the read-resource-description operation to learn more about the deprecation.
2023-08-16 16:46:08,340 INFO  [org.jboss.as.controller.management-deprecated] (ServerService Thread Pool -- 14) WFLYCTL0028: Attribute 'security-realm' in the resource at address '/subsystem=undertow/server=default-server/https-listener=https' is deprecated, and may be removed in a future version. See the attribute description in the output of the read-resource-description operation to learn more about the deprecation.
2023-08-16 16:46:08,383 INFO  [org.jboss.as.server] (Controller Boot Thread) WFLYSRV0039: Creating http management service using socket-binding (management-http)
2023-08-16 16:46:08,389 INFO  [org.xnio] (MSC service thread 1-3) XNIO version 3.8.4.Final
2023-08-16 16:46:08,391 INFO  [org.xnio.nio] (MSC service thread 1-3) XNIO NIO Implementation Version 3.8.4.Final
2023-08-16 16:46:08,408 INFO  [org.wildfly.extension.health] (ServerService Thread Pool -- 34) WFLYHEALTH0001: Activating Base Health Subsystem
2023-08-16 16:46:08,409 INFO  [org.jboss.as.clustering.infinispan] (ServerService Thread Pool -- 40) WFLYCLINF0001: Activating Infinispan subsystem.
2023-08-16 16:46:08,411 INFO  [org.jboss.as.security] (ServerService Thread Pool -- 49) WFLYSEC0002: Activating Security Subsystem
2023-08-16 16:46:08,412 INFO  [org.jboss.as.naming] (ServerService Thread Pool -- 45) WFLYNAM0001: Activating Naming Subsystem
2023-08-16 16:46:08,411 WARN  [org.jboss.as.txn] (ServerService Thread Pool -- 52) WFLYTX0013: The node-identifier attribute on the /subsystem=transactions is set to the default value. This is a danger for environments running multiple servers. Please make sure the attribute value is unique.
2023-08-16 16:46:08,410 INFO  [org.wildfly.extension.io] (ServerService Thread Pool -- 35) WFLYIO001: Worker 'default' has auto-configured to 16 IO threads with 128 max task threads based on your 8 available processors
2023-08-16 16:46:08,415 INFO  [org.jboss.as.security] (MSC service thread 1-5) WFLYSEC0001: Current PicketBox version=5.0.3.Final-redhat-00007
2023-08-16 16:46:08,416 INFO  [org.jboss.as.connector] (MSC service thread 1-7) WFLYJCA0009: Starting Jakarta Connectors Subsystem (WildFly/IronJacamar 1.4.27.Final)
2023-08-16 16:46:08,417 INFO  [org.jboss.as.jaxrs] (ServerService Thread Pool -- 36) WFLYRS0016: RESTEasy version 3.15.1.Final
2023-08-16 16:46:08,421 INFO  [org.wildfly.extension.metrics] (ServerService Thread Pool -- 44) WFLYMETRICS0001: Activating Base Metrics Subsystem
2023-08-16 16:46:08,425 INFO  [org.wildfly.extension.undertow] (MSC service thread 1-2) WFLYUT0003: Undertow 2.2.5.Final starting
2023-08-16 16:46:08,426 INFO  [org.jboss.remoting] (MSC service thread 1-6) JBoss Remoting version 5.0.20.Final
2023-08-16 16:46:08,449 INFO  [org.jboss.as.naming] (MSC service thread 1-3) WFLYNAM0003: Starting Naming Service
2023-08-16 16:46:08,449 INFO  [org.jboss.as.connector.subsystems.datasources] (ServerService Thread Pool -- 50) WFLYJCA0004: Deploying JDBC-compliant driver class org.h2.Driver (version 1.4)
2023-08-16 16:46:08,450 INFO  [org.jboss.as.mail.extension] (MSC service thread 1-3) WFLYMAIL0001: Bound mail session [java:jboss/mail/Default]
2023-08-16 16:46:08,454 INFO  [org.jboss.as.connector.deployers.jdbc] (MSC service thread 1-8) WFLYJCA0018: Started Driver service with driver-name = h2
2023-08-16 16:46:08,469 WARN  [org.wildfly.clustering.web.undertow] (ServerService Thread Pool -- 42) WFLYCLWEBUT0007: No routing provider found for default-server; using legacy provider based on static configuration
2023-08-16 16:46:08,495 WARN  [org.wildfly.extension.elytron] (MSC service thread 1-7) WFLYELY00023: KeyStore file '/Users/bbc/workspace/kird/kird-keycloak/standalone/configuration/application.keystore' does not exist. Used blank.
2023-08-16 16:46:08,507 WARN  [org.wildfly.extension.elytron] (MSC service thread 1-6) WFLYELY01084: KeyStore /Users/bbc/workspace/kird/kird-keycloak/standalone/configuration/application.keystore not found, it will be auto generated on first use with a self-signed certificate for host localhost
2023-08-16 16:46:08,535 INFO  [org.wildfly.extension.undertow] (ServerService Thread Pool -- 42) WFLYUT0014: Creating file handler for path '/Users/bbc/workspace/kird/kird-keycloak/welcome-content' with options [directory-listing: 'false', follow-symlink: 'false', case-sensitive: 'true', safe-symlink-paths: '[]']
2023-08-16 16:46:08,549 INFO  [org.wildfly.extension.undertow] (MSC service thread 1-2) WFLYUT0012: Started server default-server.
2023-08-16 16:46:08,561 INFO  [org.wildfly.extension.undertow] (MSC service thread 1-2) Queuing requests.
2023-08-16 16:46:08,562 INFO  [org.wildfly.extension.undertow] (MSC service thread 1-2) WFLYUT0018: Host default-host starting
2023-08-16 16:46:08,572 INFO  [org.jboss.as.ejb3] (MSC service thread 1-6) WFLYEJB0482: Strict pool mdb-strict-max-pool is using a max instance size of 32 (per class), which is derived from the number of CPUs on this host.
2023-08-16 16:46:08,573 INFO  [org.jboss.as.ejb3] (MSC service thread 1-7) WFLYEJB0481: Strict pool slsb-strict-max-pool is using a max instance size of 128 (per class), which is derived from thread worker pool sizing.
2023-08-16 16:46:08,607 INFO  [org.wildfly.extension.undertow] (MSC service thread 1-4) WFLYUT0006: Undertow HTTP listener default listening on 127.0.0.1:8080
2023-08-16 16:46:08,650 INFO  [org.jboss.as.ejb3] (MSC service thread 1-1) WFLYEJB0493: Jakarta Enterprise Beans subsystem suspension complete
2023-08-16 16:46:08,674 INFO  [org.jboss.as.patching] (MSC service thread 1-5) WFLYPAT0050: Keycloak cumulative patch ID is: base, one-off patches include: none
2023-08-16 16:46:08,686 WARN  [org.jboss.as.domain.management.security] (MSC service thread 1-4) WFLYDM0111: Keystore /Users/bbc/workspace/kird/kird-keycloak/standalone/configuration/application.keystore not found, it will be auto generated on first use with a self signed certificate for host localhost
2023-08-16 16:46:08,687 INFO  [org.jboss.as.connector.subsystems.datasources] (MSC service thread 1-8) WFLYJCA0001: Bound data source [java:jboss/datasources/KeycloakDS]
2023-08-16 16:46:08,689 INFO  [org.jboss.as.connector.subsystems.datasources] (MSC service thread 1-2) WFLYJCA0001: Bound data source [java:jboss/datasources/ExampleDS]
2023-08-16 16:46:08,690 INFO  [org.jboss.as.server.deployment.scanner] (MSC service thread 1-5) WFLYDS0013: Started FileSystemDeploymentService for directory /Users/bbc/workspace/kird/kird-keycloak/standalone/deployments
2023-08-16 16:46:08,701 INFO  [org.jboss.as.server.deployment] (MSC service thread 1-8) WFLYSRV0027: Starting deployment of "keycloak-server.war" (runtime-name: "keycloak-server.war")
2023-08-16 16:46:08,714 INFO  [org.wildfly.extension.undertow] (MSC service thread 1-7) WFLYUT0006: Undertow HTTPS listener https listening on 127.0.0.1:8443
2023-08-16 16:46:09,036 INFO  [org.infinispan.CONTAINER] (ServerService Thread Pool -- 55) ISPN000128: Infinispan version: Infinispan 'Corona Extra' 11.0.9.Final
2023-08-16 16:46:09,056 INFO  [org.infinispan.CONFIG] (MSC service thread 1-5) ISPN000152: Passivation configured without an eviction policy being selected. Only manually evicted entities will be passivated.
2023-08-16 16:46:09,057 INFO  [org.infinispan.CONFIG] (MSC service thread 1-5) ISPN000152: Passivation configured without an eviction policy being selected. Only manually evicted entities will be passivated.
2023-08-16 16:46:09,090 INFO  [org.infinispan.PERSISTENCE] (ServerService Thread Pool -- 54) ISPN000556: Starting user marshaller 'org.wildfly.clustering.infinispan.spi.marshalling.InfinispanProtoStreamMarshaller'
2023-08-16 16:46:09,091 INFO  [org.infinispan.PERSISTENCE] (ServerService Thread Pool -- 55) ISPN000556: Starting user marshaller 'org.wildfly.clustering.infinispan.marshalling.jboss.JBossMarshaller'
2023-08-16 16:46:09,200 INFO  [org.jboss.as.clustering.infinispan] (ServerService Thread Pool -- 54) WFLYCLINF0002: Started http-remoting-connector cache from ejb container
2023-08-16 16:46:09,209 INFO  [org.jboss.as.clustering.infinispan] (ServerService Thread Pool -- 54) WFLYCLINF0002: Started loginFailures cache from keycloak container
2023-08-16 16:46:09,211 INFO  [org.jboss.as.clustering.infinispan] (ServerService Thread Pool -- 63) WFLYCLINF0002: Started clientSessions cache from keycloak container
2023-08-16 16:46:09,209 INFO  [org.jboss.as.clustering.infinispan] (ServerService Thread Pool -- 57) WFLYCLINF0002: Started offlineSessions cache from keycloak container
2023-08-16 16:46:09,210 INFO  [org.jboss.as.clustering.infinispan] (ServerService Thread Pool -- 58) WFLYCLINF0002: Started sessions cache from keycloak container
2023-08-16 16:46:09,211 INFO  [org.jboss.as.clustering.infinispan] (ServerService Thread Pool -- 61) WFLYCLINF0002: Started work cache from keycloak container
2023-08-16 16:46:09,212 INFO  [org.jboss.as.clustering.infinispan] (ServerService Thread Pool -- 60) WFLYCLINF0002: Started authenticationSessions cache from keycloak container
2023-08-16 16:46:09,212 INFO  [org.jboss.as.clustering.infinispan] (ServerService Thread Pool -- 66) WFLYCLINF0002: Started offlineClientSessions cache from keycloak container
2023-08-16 16:46:09,213 INFO  [org.jboss.as.clustering.infinispan] (ServerService Thread Pool -- 55) WFLYCLINF0002: Started actionTokens cache from keycloak container
2023-08-16 16:46:09,226 INFO  [org.jboss.as.clustering.infinispan] (ServerService Thread Pool -- 64) WFLYCLINF0002: Started authorization cache from keycloak container
2023-08-16 16:46:09,226 INFO  [org.jboss.as.clustering.infinispan] (ServerService Thread Pool -- 65) WFLYCLINF0002: Started realms cache from keycloak container
2023-08-16 16:46:09,226 INFO  [org.jboss.as.clustering.infinispan] (ServerService Thread Pool -- 56) WFLYCLINF0002: Started keys cache from keycloak container
2023-08-16 16:46:09,226 INFO  [org.jboss.as.clustering.infinispan] (ServerService Thread Pool -- 59) WFLYCLINF0002: Started users cache from keycloak container
2023-08-16 16:46:09,266 WARN  [org.jboss.as.server.deployment] (MSC service thread 1-2) WFLYSRV0273: Excluded subsystem webservices via jboss-deployment-structure.xml does not exist.
2023-08-16 16:46:09,532 INFO  [org.keycloak.services] (ServerService Thread Pool -- 56) KC-SERVICES0001: Loading config from standalone.xml or domain.xml
2023-08-16 16:46:09,669 INFO  [org.keycloak.url.DefaultHostnameProviderFactory] (ServerService Thread Pool -- 56) Frontend: <request>, Admin: <frontend>, Backend: <request>
2023-08-16 16:46:09,738 INFO  [org.jboss.as.clustering.infinispan] (ServerService Thread Pool -- 56) WFLYCLINF0002: Started realmRevisions cache from keycloak container
2023-08-16 16:46:09,741 INFO  [org.jboss.as.clustering.infinispan] (ServerService Thread Pool -- 56) WFLYCLINF0002: Started userRevisions cache from keycloak container
2023-08-16 16:46:09,744 INFO  [org.jboss.as.clustering.infinispan] (ServerService Thread Pool -- 56) WFLYCLINF0002: Started authorizationRevisions cache from keycloak container
2023-08-16 16:46:09,744 INFO  [org.keycloak.connections.infinispan.DefaultInfinispanConnectionProviderFactory] (ServerService Thread Pool -- 56) Node name: bbcs-mac-mini, Site name: null
2023-08-16 16:46:09,955 INFO  [org.keycloak.connections.jpa.DefaultJpaConnectionProviderFactory] (ServerService Thread Pool -- 56) Database info: {databaseUrl=jdbc:h2:/Users/bbc/workspace/kird/kird-keycloak/standalone/data/keycloak, databaseUser=SA, databaseProduct=H2 1.4.197 (2018-03-18), databaseDriver=H2 JDBC Driver 1.4.197 (2018-03-18)}
2023-08-16 16:46:10,919 INFO  [org.hibernate.jpa.internal.util.LogHelper] (ServerService Thread Pool -- 56) HHH000204: Processing PersistenceUnitInfo [
	name: keycloak-default
	...]
2023-08-16 16:46:10,942 INFO  [org.hibernate.Version] (ServerService Thread Pool -- 56) HHH000412: Hibernate Core {5.3.20.Final}
2023-08-16 16:46:10,943 INFO  [org.hibernate.cfg.Environment] (ServerService Thread Pool -- 56) HHH000206: hibernate.properties not found
2023-08-16 16:46:10,993 INFO  [org.hibernate.annotations.common.Version] (ServerService Thread Pool -- 56) HCANN000001: Hibernate Commons Annotations {5.0.5.Final}
2023-08-16 16:46:11,056 INFO  [org.hibernate.dialect.Dialect] (ServerService Thread Pool -- 56) HHH000400: Using dialect: org.hibernate.dialect.H2Dialect
2023-08-16 16:46:11,075 INFO  [org.hibernate.envers.boot.internal.EnversServiceImpl] (ServerService Thread Pool -- 56) Envers integration enabled? : true
2023-08-16 16:46:11,273 INFO  [org.hibernate.orm.beans] (ServerService Thread Pool -- 56) HHH10005002: No explicit CDI BeanManager reference was passed to Hibernate, but CDI is available on the Hibernate ClassLoader.
2023-08-16 16:46:11,294 INFO  [org.hibernate.validator.internal.util.Version] (ServerService Thread Pool -- 56) HV000001: Hibernate Validator 6.0.22.Final
2023-08-16 16:46:11,727 INFO  [org.hibernate.hql.internal.QueryTranslatorFactoryInitiator] (ServerService Thread Pool -- 56) HHH000397: Using ASTQueryTranslatorFactory
2023-08-16 16:46:12,071 INFO  [org.jboss.resteasy.resteasy_jaxrs.i18n] (ServerService Thread Pool -- 56) RESTEASY002225: Deploying javax.ws.rs.core.Application: class org.keycloak.services.resources.KeycloakApplication
2023-08-16 16:46:12,071 INFO  [org.jboss.resteasy.resteasy_jaxrs.i18n] (ServerService Thread Pool -- 56) RESTEASY002205: Adding provider class org.keycloak.services.error.KeycloakErrorHandler from Application class org.keycloak.services.resources.KeycloakApplication
2023-08-16 16:46:12,071 INFO  [org.jboss.resteasy.resteasy_jaxrs.i18n] (ServerService Thread Pool -- 56) RESTEASY002205: Adding provider class org.keycloak.services.filters.KeycloakSecurityHeadersFilter from Application class org.keycloak.services.resources.KeycloakApplication
2023-08-16 16:46:12,072 INFO  [org.jboss.resteasy.resteasy_jaxrs.i18n] (ServerService Thread Pool -- 56) RESTEASY002200: Adding class resource org.keycloak.services.resources.JsResource from Application class org.keycloak.services.resources.KeycloakApplication
2023-08-16 16:46:12,072 INFO  [org.jboss.resteasy.resteasy_jaxrs.i18n] (ServerService Thread Pool -- 56) RESTEASY002200: Adding class resource org.keycloak.services.resources.ThemeResource from Application class org.keycloak.services.resources.KeycloakApplication
2023-08-16 16:46:12,072 INFO  [org.jboss.resteasy.resteasy_jaxrs.i18n] (ServerService Thread Pool -- 56) RESTEASY002220: Adding singleton resource org.keycloak.services.resources.WelcomeResource from Application class org.keycloak.services.resources.KeycloakApplication
2023-08-16 16:46:12,072 INFO  [org.jboss.resteasy.resteasy_jaxrs.i18n] (ServerService Thread Pool -- 56) RESTEASY002220: Adding singleton resource org.keycloak.services.resources.RobotsResource from Application class org.keycloak.services.resources.KeycloakApplication
2023-08-16 16:46:12,072 INFO  [org.jboss.resteasy.resteasy_jaxrs.i18n] (ServerService Thread Pool -- 56) RESTEASY002220: Adding singleton resource org.keycloak.services.resources.RealmsResource from Application class org.keycloak.services.resources.KeycloakApplication
2023-08-16 16:46:12,072 INFO  [org.jboss.resteasy.resteasy_jaxrs.i18n] (ServerService Thread Pool -- 56) RESTEASY002220: Adding singleton resource org.keycloak.services.resources.admin.AdminRoot from Application class org.keycloak.services.resources.KeycloakApplication
2023-08-16 16:46:12,072 INFO  [org.jboss.resteasy.resteasy_jaxrs.i18n] (ServerService Thread Pool -- 56) RESTEASY002210: Adding provider singleton org.keycloak.services.util.ObjectMapperResolver from Application class org.keycloak.services.resources.KeycloakApplication
2023-08-16 16:46:12,107 INFO  [org.wildfly.extension.undertow] (ServerService Thread Pool -- 56) WFLYUT0021: Registered web context: '/auth' for server 'default-server'
2023-08-16 16:46:12,153 INFO  [org.jboss.as.server] (ServerService Thread Pool -- 41) WFLYSRV0010: Deployed "keycloak-server.war" (runtime-name : "keycloak-server.war")
2023-08-16 16:46:12,179 INFO  [org.jboss.as.server] (Controller Boot Thread) WFLYSRV0212: Resuming server
2023-08-16 16:46:12,181 INFO  [org.jboss.as] (Controller Boot Thread) WFLYSRV0025: Keycloak 13.0.1 (WildFly Core 15.0.1.Final) started in 4741ms - Started 594 of 872 services (584 services are lazy, passive or on-demand)
2023-08-16 16:46:12,183 INFO  [org.jboss.as] (Controller Boot Thread) WFLYSRV0060: Http management interface listening on http://127.0.0.1:9990/management
2023-08-16 16:46:12,184 INFO  [org.jboss.as] (Controller Boot Thread) WFLYSRV0051: Admin console listening on http://127.0.0.1:9990
2023-08-16 16:46:18,981 INFO  [org.jboss.as.server] (Thread-1) WFLYSRV0272: Suspending server
2023-08-16 16:46:18,983 INFO  [org.jboss.as.ejb3] (Thread-1) WFLYEJB0493: Jakarta Enterprise Beans subsystem suspension complete
2023-08-16 16:46:18,986 INFO  [org.jboss.as.server] (Thread-1) WFLYSRV0220: Server shutdown has been requested via an OS signal
2023-08-16 16:46:19,007 INFO  [org.jboss.as.connector.subsystems.datasources] (MSC service thread 1-3) WFLYJCA0010: Unbound data source [java:jboss/datasources/KeycloakDS]
2023-08-16 16:46:19,011 INFO  [org.jboss.as.mail.extension] (MSC service thread 1-4) WFLYMAIL0002: Unbound mail session [java:jboss/mail/Default]
2023-08-16 16:46:19,014 INFO  [org.wildfly.extension.undertow] (MSC service thread 1-4) WFLYUT0008: Undertow HTTPS listener https suspending
2023-08-16 16:46:19,015 INFO  [org.wildfly.extension.undertow] (ServerService Thread Pool -- 12) WFLYUT0022: Unregistered web context: '/auth' from server 'default-server'
2023-08-16 16:46:19,016 INFO  [org.wildfly.extension.undertow] (MSC service thread 1-4) WFLYUT0007: Undertow HTTPS listener https stopped, was bound to 127.0.0.1:8443
2023-08-16 16:46:19,024 INFO  [org.jboss.as.connector.subsystems.datasources] (MSC service thread 1-6) WFLYJCA0010: Unbound data source [java:jboss/datasources/ExampleDS]
2023-08-16 16:46:19,024 INFO  [org.wildfly.extension.undertow] (MSC service thread 1-1) WFLYUT0019: Host default-host stopping
2023-08-16 16:46:19,025 INFO  [org.jboss.as.connector.deployers.jdbc] (MSC service thread 1-3) WFLYJCA0019: Stopped Driver service with driver-name = h2
2023-08-16 16:46:19,028 INFO  [org.jboss.as.clustering.infinispan] (ServerService Thread Pool -- 12) WFLYCLINF0003: Stopped sessions cache from keycloak container
2023-08-16 16:46:19,031 INFO  [org.wildfly.extension.undertow] (MSC service thread 1-5) WFLYUT0008: Undertow HTTP listener default suspending
2023-08-16 16:46:19,033 INFO  [org.wildfly.extension.undertow] (MSC service thread 1-5) WFLYUT0007: Undertow HTTP listener default stopped, was bound to 127.0.0.1:8080
2023-08-16 16:46:19,033 INFO  [org.jboss.as.server.deployment] (MSC service thread 1-4) WFLYSRV0028: Stopped deployment keycloak-server.war (runtime-name: keycloak-server.war) in 45ms
2023-08-16 16:46:19,033 INFO  [org.wildfly.extension.undertow] (MSC service thread 1-5) WFLYUT0004: Undertow 2.2.5.Final stopping
2023-08-16 16:46:19,036 INFO  [org.jboss.as.clustering.infinispan] (ServerService Thread Pool -- 17) WFLYCLINF0003: Stopped work cache from keycloak container
2023-08-16 16:46:19,038 INFO  [org.jboss.as.clustering.infinispan] (ServerService Thread Pool -- 7) WFLYCLINF0003: Stopped actionTokens cache from keycloak container
2023-08-16 16:46:19,038 INFO  [org.jboss.as.clustering.infinispan] (ServerService Thread Pool -- 26) WFLYCLINF0003: Stopped authenticationSessions cache from keycloak container
2023-08-16 16:46:19,038 INFO  [org.jboss.as.clustering.infinispan] (ServerService Thread Pool -- 18) WFLYCLINF0003: Stopped clientSessions cache from keycloak container
2023-08-16 16:46:19,038 INFO  [org.jboss.as.clustering.infinispan] (ServerService Thread Pool -- 19) WFLYCLINF0003: Stopped offlineSessions cache from keycloak container
2023-08-16 16:46:19,038 INFO  [org.jboss.as.clustering.infinispan] (ServerService Thread Pool -- 24) WFLYCLINF0003: Stopped loginFailures cache from keycloak container
2023-08-16 16:46:19,039 INFO  [org.jboss.as.clustering.infinispan] (ServerService Thread Pool -- 27) WFLYCLINF0003: Stopped offlineClientSessions cache from keycloak container
2023-08-16 16:46:19,039 INFO  [org.jboss.as.clustering.infinispan] (ServerService Thread Pool -- 14) WFLYCLINF0003: Stopped users cache from keycloak container
2023-08-16 16:46:19,039 INFO  [org.jboss.as.clustering.infinispan] (ServerService Thread Pool -- 15) WFLYCLINF0003: Stopped authorization cache from keycloak container
2023-08-16 16:46:19,039 INFO  [org.jboss.as.clustering.infinispan] (ServerService Thread Pool -- 22) WFLYCLINF0003: Stopped keys cache from keycloak container
2023-08-16 16:46:19,046 INFO  [org.jboss.as.clustering.infinispan] (ServerService Thread Pool -- 6) WFLYCLINF0003: Stopped realms cache from keycloak container
2023-08-16 16:46:19,047 INFO  [org.infinispan.manager.DefaultCacheManager] (ServerService Thread Pool -- 6) Stopping cache manager null on null
2023-08-16 16:46:19,067 INFO  [org.jboss.as.clustering.infinispan] (ServerService Thread Pool -- 56) WFLYCLINF0003: Stopped http-remoting-connector cache from ejb container
2023-08-16 16:46:19,068 INFO  [org.infinispan.manager.DefaultCacheManager] (ServerService Thread Pool -- 56) Stopping cache manager null on null
2023-08-16 16:46:19,071 INFO  [org.jboss.as] (MSC service thread 1-6) WFLYSRV0050: Keycloak 13.0.1 (WildFly Core 15.0.1.Final) stopped in 83ms
2023-08-16 16:52:55,656 INFO  [org.jboss.modules] (main) JBoss Modules version 1.11.0.Final
2023-08-16 16:52:55,897 INFO  [org.jboss.msc] (main) JBoss MSC version 1.4.12.Final
2023-08-16 16:52:55,901 INFO  [org.jboss.threads] (main) JBoss Threads version 2.4.0.Final
2023-08-16 16:52:55,958 INFO  [org.jboss.as] (MSC service thread 1-2) WFLYSRV0049: Keycloak 13.0.1 (WildFly Core 15.0.1.Final) starting
2023-08-16 16:52:55,959 DEBUG [org.jboss.as.config] (MSC service thread 1-2) Configured system properties:
	[Standalone] = 
	awt.toolkit = sun.lwawt.macosx.LWCToolkit
	file.encoding = UTF-8
	file.separator = /
	ftp.nonProxyHosts = local|*.local|169.254/16|*.169.254/16
	gopherProxySet = false
	http.nonProxyHosts = local|*.local|169.254/16|*.169.254/16
	java.awt.graphicsenv = sun.awt.CGraphicsEnvironment
	java.awt.headless = true
	java.awt.printerjob = sun.lwawt.macosx.CPrinterJob
	java.class.path = /Users/bbc/workspace/kird/kird-keycloak/jboss-modules.jar
	java.class.version = 55.0
	java.home = /opt/homebrew/Cellar/openjdk@11/11.0.20/libexec/openjdk.jdk/Contents/Home
	java.io.tmpdir = /var/folders/sp/rtbk5t_j5gv8rnny62yqqljh0000gn/T/
	java.library.path = /Users/bbc/Library/Java/Extensions:/Library/Java/Extensions:/Network/Library/Java/Extensions:/System/Library/Java/Extensions:/usr/lib/java:.
	java.net.preferIPv4Stack = true
	java.runtime.name = OpenJDK Runtime Environment
	java.runtime.version = 11.0.20+0
	java.specification.maintenance.version = 2
	java.specification.name = Java Platform API Specification
	java.specification.vendor = Oracle Corporation
	java.specification.version = 11
	java.util.logging.manager = org.jboss.logmanager.LogManager
	java.vendor = Homebrew
	java.vendor.url = https://github.com/Homebrew/homebrew-core/issues
	java.vendor.url.bug = https://github.com/Homebrew/homebrew-core/issues
	java.vendor.version = Homebrew
	java.version = 11.0.20
	java.version.date = 2023-07-18
	java.vm.compressedOopsMode = Zero based
	java.vm.info = mixed mode
	java.vm.name = OpenJDK 64-Bit Server VM
	java.vm.specification.name = Java Virtual Machine Specification
	java.vm.specification.vendor = Oracle Corporation
	java.vm.specification.version = 11
	java.vm.vendor = Homebrew
	java.vm.version = 11.0.20+0
	javax.management.builder.initial = org.jboss.as.jmx.PluggableMBeanServerBuilder
	jboss.home.dir = /Users/bbc/workspace/kird/kird-keycloak
	jboss.host.name = bbcs-mac-mini
	jboss.modules.dir = /Users/bbc/workspace/kird/kird-keycloak/modules
	jboss.modules.system.pkgs = org.jboss.byteman
	jboss.node.name = bbcs-mac-mini
	jboss.qualified.host.name = bbcs-mac-mini.local
	jboss.server.base.dir = /Users/bbc/workspace/kird/kird-keycloak/standalone
	jboss.server.config.dir = /Users/bbc/workspace/kird/kird-keycloak/standalone/configuration
	jboss.server.data.dir = /Users/bbc/workspace/kird/kird-keycloak/standalone/data
	jboss.server.deploy.dir = /Users/bbc/workspace/kird/kird-keycloak/standalone/data/content
	jboss.server.log.dir = /Users/bbc/workspace/kird/kird-keycloak/standalone/log
	jboss.server.name = bbcs-mac-mini
	jboss.server.persist.config = true
	jboss.server.temp.dir = /Users/bbc/workspace/kird/kird-keycloak/standalone/tmp
	jdk.debug = release
	line.separator = 

	logging.configuration = file:/Users/bbc/workspace/kird/kird-keycloak/standalone/configuration/logging.properties
	module.path = /Users/bbc/workspace/kird/kird-keycloak/modules
	org.jboss.boot.log.file = /Users/bbc/workspace/kird/kird-keycloak/standalone/log/server.log
	org.jboss.resolver.warning = true
	os.arch = aarch64
	os.name = Mac OS X
	os.version = 13.4.1
	path.separator = :
	socksNonProxyHosts = local|*.local|169.254/16|*.169.254/16
	sun.arch.data.model = 64
	sun.boot.library.path = /opt/homebrew/Cellar/openjdk@11/11.0.20/libexec/openjdk.jdk/Contents/Home/lib
	sun.cpu.endian = little
	sun.cpu.isalist = 
	sun.io.unicode.encoding = UnicodeBig
	sun.java.command = /Users/bbc/workspace/kird/kird-keycloak/jboss-modules.jar -mp /Users/bbc/workspace/kird/kird-keycloak/modules org.jboss.as.standalone -Djboss.home.dir=/Users/bbc/workspace/kird/kird-keycloak -Djboss.server.base.dir=/Users/bbc/workspace/kird/kird-keycloak/standalone
	sun.java.launcher = SUN_STANDARD
	sun.jnu.encoding = UTF-8
	sun.management.compiler = HotSpot 64-Bit Tiered Compilers
	sun.os.patch.level = unknown
	user.country = KR
	user.dir = /Users/bbc/workspace/kird/kird-keycloak/bin
	user.home = /Users/bbc
	user.language = ko
	user.name = bbc
	user.timezone = Asia/Seoul
2023-08-16 16:52:55,960 DEBUG [org.jboss.as.config] (MSC service thread 1-2) VM Arguments: -D[Standalone] -Xms64m -Xmx512m -XX:MetaspaceSize=96M -XX:MaxMetaspaceSize=256m -Djava.net.preferIPv4Stack=true -Djboss.modules.system.pkgs=org.jboss.byteman -Djava.awt.headless=true --add-exports=java.base/sun.nio.ch=ALL-UNNAMED --add-exports=jdk.unsupported/sun.misc=ALL-UNNAMED --add-exports=jdk.unsupported/sun.reflect=ALL-UNNAMED -Dorg.jboss.boot.log.file=/Users/bbc/workspace/kird/kird-keycloak/standalone/log/server.log -Dlogging.configuration=file:/Users/bbc/workspace/kird/kird-keycloak/standalone/configuration/logging.properties 
2023-08-16 16:52:56,269 INFO  [org.wildfly.security] (ServerService Thread Pool -- 20) ELY00001: WildFly Elytron version 1.15.3.Final
2023-08-16 16:52:56,514 INFO  [org.jboss.as.controller] (Controller Boot Thread) OPVDX002: Failed to pretty print validation error: null
2023-08-16 16:52:56,515 ERROR [org.jboss.as.server] (Controller Boot Thread) WFLYSRV0055: Caught exception during boot: org.jboss.as.controller.persistence.ConfigurationPersistenceException: WFLYCTL0085: Failed to parse configuration
	at org.jboss.as.controller@15.0.1.Final//org.jboss.as.controller.persistence.XmlConfigurationPersister.load(XmlConfigurationPersister.java:143)
	at org.jboss.as.server@15.0.1.Final//org.jboss.as.server.ServerService.boot(ServerService.java:403)
	at org.jboss.as.controller@15.0.1.Final//org.jboss.as.controller.AbstractControllerService$1.run(AbstractControllerService.java:416)
	at java.base/java.lang.Thread.run(Thread.java:829)
Caused by: javax.xml.stream.XMLStreamException: org.jboss.as.connector.util.ParserException: IJ010061: Unexpected element: datasource
	at org.jboss.as.connector@23.0.2.Final//org.jboss.as.connector.subsystems.datasources.DataSourcesExtension$DataSourceSubsystemParser.readElement(DataSourcesExtension.java:651)
	at org.jboss.as.connector@23.0.2.Final//org.jboss.as.connector.subsystems.datasources.DataSourcesExtension$DataSourceSubsystemParser.readElement(DataSourcesExtension.java:205)
	at org.jboss.staxmapper@1.3.0.Final//org.jboss.staxmapper.XMLMapperImpl.processNested(XMLMapperImpl.java:122)
	at org.jboss.staxmapper@1.3.0.Final//org.jboss.staxmapper.XMLExtendedStreamReaderImpl.handleAny(XMLExtendedStreamReaderImpl.java:69)
	at org.jboss.as.server@15.0.1.Final//org.jboss.as.server.parsing.StandaloneXml_16.parseServerProfile(StandaloneXml_16.java:673)
	at org.jboss.as.server@15.0.1.Final//org.jboss.as.server.parsing.StandaloneXml_16.readServerElement(StandaloneXml_16.java:243)
	at org.jboss.as.server@15.0.1.Final//org.jboss.as.server.parsing.StandaloneXml_16.readElement(StandaloneXml_16.java:140)
	at org.jboss.as.server@15.0.1.Final//org.jboss.as.server.parsing.StandaloneXml.readElement(StandaloneXml.java:144)
	at org.jboss.as.server@15.0.1.Final//org.jboss.as.server.parsing.StandaloneXml.readElement(StandaloneXml.java:52)
	at org.jboss.staxmapper@1.3.0.Final//org.jboss.staxmapper.XMLMapperImpl.processNested(XMLMapperImpl.java:122)
	at org.jboss.staxmapper@1.3.0.Final//org.jboss.staxmapper.XMLMapperImpl.parseDocument(XMLMapperImpl.java:76)
	at org.jboss.as.controller@15.0.1.Final//org.jboss.as.controller.persistence.XmlConfigurationPersister.load(XmlConfigurationPersister.java:126)
	... 3 more
Caused by: org.jboss.as.connector.util.ParserException: IJ010061: Unexpected element: datasource
	at org.jboss.as.connector@23.0.2.Final//org.jboss.as.connector.subsystems.datasources.DsParser.parse(DsParser.java:193)
	at org.jboss.as.connector@23.0.2.Final//org.jboss.as.connector.subsystems.datasources.DataSourcesExtension$DataSourceSubsystemParser.readElement(DataSourcesExtension.java:644)
	... 14 more

2023-08-16 16:52:56,516 FATAL [org.jboss.as.server] (Controller Boot Thread) WFLYSRV0056: Server boot has failed in an unrecoverable manner; exiting. See previous messages for details.
2023-08-16 16:52:56,519 INFO  [org.jboss.as] (MSC service thread 1-1) WFLYSRV0050: Keycloak 13.0.1 (WildFly Core 15.0.1.Final) stopped in 2ms
2023-08-16 17:02:22,398 INFO  [org.jboss.modules] (main) JBoss Modules version 1.11.0.Final
2023-08-16 17:02:22,623 INFO  [org.jboss.msc] (main) JBoss MSC version 1.4.12.Final
2023-08-16 17:02:22,627 INFO  [org.jboss.threads] (main) JBoss Threads version 2.4.0.Final
2023-08-16 17:02:22,666 INFO  [org.jboss.as] (MSC service thread 1-2) WFLYSRV0049: Keycloak 13.0.1 (WildFly Core 15.0.1.Final) starting
2023-08-16 17:02:22,668 DEBUG [org.jboss.as.config] (MSC service thread 1-2) Configured system properties:
	[Standalone] = 
	awt.toolkit = sun.lwawt.macosx.LWCToolkit
	file.encoding = UTF-8
	file.separator = /
	ftp.nonProxyHosts = local|*.local|169.254/16|*.169.254/16
	gopherProxySet = false
	http.nonProxyHosts = local|*.local|169.254/16|*.169.254/16
	java.awt.graphicsenv = sun.awt.CGraphicsEnvironment
	java.awt.headless = true
	java.awt.printerjob = sun.lwawt.macosx.CPrinterJob
	java.class.path = /Users/bbc/workspace/kird/kird-keycloak/jboss-modules.jar
	java.class.version = 55.0
	java.home = /opt/homebrew/Cellar/openjdk@11/11.0.20/libexec/openjdk.jdk/Contents/Home
	java.io.tmpdir = /var/folders/sp/rtbk5t_j5gv8rnny62yqqljh0000gn/T/
	java.library.path = /Users/bbc/Library/Java/Extensions:/Library/Java/Extensions:/Network/Library/Java/Extensions:/System/Library/Java/Extensions:/usr/lib/java:.
	java.net.preferIPv4Stack = true
	java.runtime.name = OpenJDK Runtime Environment
	java.runtime.version = 11.0.20+0
	java.specification.maintenance.version = 2
	java.specification.name = Java Platform API Specification
	java.specification.vendor = Oracle Corporation
	java.specification.version = 11
	java.util.logging.manager = org.jboss.logmanager.LogManager
	java.vendor = Homebrew
	java.vendor.url = https://github.com/Homebrew/homebrew-core/issues
	java.vendor.url.bug = https://github.com/Homebrew/homebrew-core/issues
	java.vendor.version = Homebrew
	java.version = 11.0.20
	java.version.date = 2023-07-18
	java.vm.compressedOopsMode = Zero based
	java.vm.info = mixed mode
	java.vm.name = OpenJDK 64-Bit Server VM
	java.vm.specification.name = Java Virtual Machine Specification
	java.vm.specification.vendor = Oracle Corporation
	java.vm.specification.version = 11
	java.vm.vendor = Homebrew
	java.vm.version = 11.0.20+0
	javax.management.builder.initial = org.jboss.as.jmx.PluggableMBeanServerBuilder
	jboss.home.dir = /Users/bbc/workspace/kird/kird-keycloak
	jboss.host.name = bbcs-mac-mini
	jboss.modules.dir = /Users/bbc/workspace/kird/kird-keycloak/modules
	jboss.modules.system.pkgs = org.jboss.byteman
	jboss.node.name = bbcs-mac-mini
	jboss.qualified.host.name = bbcs-mac-mini.local
	jboss.server.base.dir = /Users/bbc/workspace/kird/kird-keycloak/standalone
	jboss.server.config.dir = /Users/bbc/workspace/kird/kird-keycloak/standalone/configuration
	jboss.server.data.dir = /Users/bbc/workspace/kird/kird-keycloak/standalone/data
	jboss.server.deploy.dir = /Users/bbc/workspace/kird/kird-keycloak/standalone/data/content
	jboss.server.log.dir = /Users/bbc/workspace/kird/kird-keycloak/standalone/log
	jboss.server.name = bbcs-mac-mini
	jboss.server.persist.config = true
	jboss.server.temp.dir = /Users/bbc/workspace/kird/kird-keycloak/standalone/tmp
	jdk.debug = release
	line.separator = 

	logging.configuration = file:/Users/bbc/workspace/kird/kird-keycloak/standalone/configuration/logging.properties
	module.path = /Users/bbc/workspace/kird/kird-keycloak/modules
	org.jboss.boot.log.file = /Users/bbc/workspace/kird/kird-keycloak/standalone/log/server.log
	org.jboss.resolver.warning = true
	os.arch = aarch64
	os.name = Mac OS X
	os.version = 13.4.1
	path.separator = :
	socksNonProxyHosts = local|*.local|169.254/16|*.169.254/16
	sun.arch.data.model = 64
	sun.boot.library.path = /opt/homebrew/Cellar/openjdk@11/11.0.20/libexec/openjdk.jdk/Contents/Home/lib
	sun.cpu.endian = little
	sun.cpu.isalist = 
	sun.io.unicode.encoding = UnicodeBig
	sun.java.command = /Users/bbc/workspace/kird/kird-keycloak/jboss-modules.jar -mp /Users/bbc/workspace/kird/kird-keycloak/modules org.jboss.as.standalone -Djboss.home.dir=/Users/bbc/workspace/kird/kird-keycloak -Djboss.server.base.dir=/Users/bbc/workspace/kird/kird-keycloak/standalone
	sun.java.launcher = SUN_STANDARD
	sun.jnu.encoding = UTF-8
	sun.management.compiler = HotSpot 64-Bit Tiered Compilers
	sun.os.patch.level = unknown
	user.country = KR
	user.dir = /Users/bbc/workspace/kird/kird-keycloak/bin
	user.home = /Users/bbc
	user.language = ko
	user.name = bbc
	user.timezone = Asia/Seoul
2023-08-16 17:02:22,669 DEBUG [org.jboss.as.config] (MSC service thread 1-2) VM Arguments: -D[Standalone] -Xms64m -Xmx512m -XX:MetaspaceSize=96M -XX:MaxMetaspaceSize=256m -Djava.net.preferIPv4Stack=true -Djboss.modules.system.pkgs=org.jboss.byteman -Djava.awt.headless=true --add-exports=java.base/sun.nio.ch=ALL-UNNAMED --add-exports=jdk.unsupported/sun.misc=ALL-UNNAMED --add-exports=jdk.unsupported/sun.reflect=ALL-UNNAMED -Dorg.jboss.boot.log.file=/Users/bbc/workspace/kird/kird-keycloak/standalone/log/server.log -Dlogging.configuration=file:/Users/bbc/workspace/kird/kird-keycloak/standalone/configuration/logging.properties 
2023-08-16 17:02:22,943 INFO  [org.wildfly.security] (ServerService Thread Pool -- 19) ELY00001: WildFly Elytron version 1.15.3.Final
2023-08-16 17:02:23,101 INFO  [org.jboss.as.controller] (Controller Boot Thread) OPVDX002: Failed to pretty print validation error: null
2023-08-16 17:02:23,102 ERROR [org.jboss.as.server] (Controller Boot Thread) WFLYSRV0055: Caught exception during boot: org.jboss.as.controller.persistence.ConfigurationPersistenceException: WFLYCTL0085: Failed to parse configuration
	at org.jboss.as.controller@15.0.1.Final//org.jboss.as.controller.persistence.XmlConfigurationPersister.load(XmlConfigurationPersister.java:143)
	at org.jboss.as.server@15.0.1.Final//org.jboss.as.server.ServerService.boot(ServerService.java:403)
	at org.jboss.as.controller@15.0.1.Final//org.jboss.as.controller.AbstractControllerService$1.run(AbstractControllerService.java:416)
	at java.base/java.lang.Thread.run(Thread.java:829)
Caused by: javax.xml.stream.XMLStreamException: org.jboss.as.connector.util.ParserException: IJ010061: Unexpected element: datasource
	at org.jboss.as.connector@23.0.2.Final//org.jboss.as.connector.subsystems.datasources.DataSourcesExtension$DataSourceSubsystemParser.readElement(DataSourcesExtension.java:651)
	at org.jboss.as.connector@23.0.2.Final//org.jboss.as.connector.subsystems.datasources.DataSourcesExtension$DataSourceSubsystemParser.readElement(DataSourcesExtension.java:205)
	at org.jboss.staxmapper@1.3.0.Final//org.jboss.staxmapper.XMLMapperImpl.processNested(XMLMapperImpl.java:122)
	at org.jboss.staxmapper@1.3.0.Final//org.jboss.staxmapper.XMLExtendedStreamReaderImpl.handleAny(XMLExtendedStreamReaderImpl.java:69)
	at org.jboss.as.server@15.0.1.Final//org.jboss.as.server.parsing.StandaloneXml_16.parseServerProfile(StandaloneXml_16.java:673)
	at org.jboss.as.server@15.0.1.Final//org.jboss.as.server.parsing.StandaloneXml_16.readServerElement(StandaloneXml_16.java:243)
	at org.jboss.as.server@15.0.1.Final//org.jboss.as.server.parsing.StandaloneXml_16.readElement(StandaloneXml_16.java:140)
	at org.jboss.as.server@15.0.1.Final//org.jboss.as.server.parsing.StandaloneXml.readElement(StandaloneXml.java:144)
	at org.jboss.as.server@15.0.1.Final//org.jboss.as.server.parsing.StandaloneXml.readElement(StandaloneXml.java:52)
	at org.jboss.staxmapper@1.3.0.Final//org.jboss.staxmapper.XMLMapperImpl.processNested(XMLMapperImpl.java:122)
	at org.jboss.staxmapper@1.3.0.Final//org.jboss.staxmapper.XMLMapperImpl.parseDocument(XMLMapperImpl.java:76)
	at org.jboss.as.controller@15.0.1.Final//org.jboss.as.controller.persistence.XmlConfigurationPersister.load(XmlConfigurationPersister.java:126)
	... 3 more
Caused by: org.jboss.as.connector.util.ParserException: IJ010061: Unexpected element: datasource
	at org.jboss.as.connector@23.0.2.Final//org.jboss.as.connector.subsystems.datasources.DsParser.parse(DsParser.java:193)
	at org.jboss.as.connector@23.0.2.Final//org.jboss.as.connector.subsystems.datasources.DataSourcesExtension$DataSourceSubsystemParser.readElement(DataSourcesExtension.java:644)
	... 14 more

2023-08-16 17:02:23,103 FATAL [org.jboss.as.server] (Controller Boot Thread) WFLYSRV0056: Server boot has failed in an unrecoverable manner; exiting. See previous messages for details.
2023-08-16 17:02:23,107 INFO  [org.jboss.as] (MSC service thread 1-8) WFLYSRV0050: Keycloak 13.0.1 (WildFly Core 15.0.1.Final) stopped in 3ms
